2023/06/22 05:32:13 - mmengine - INFO - 
------------------------------------------------------------
System environment:
    sys.platform: linux
    Python: 3.8.10 (default, Nov 14 2022, 12:59:47) [GCC 9.4.0]
    CUDA available: True
    numpy_random_seed: 1563603180
    GPU 0: NVIDIA A100-PCIE-40GB
    CUDA_HOME: /usr
    NVCC: Cuda compilation tools, release 10.1, V10.1.24
    GCC: x86_64-linux-gnu-gcc (Ubuntu 9.4.0-1ubuntu1~20.04.1) 9.4.0
    PyTorch: 1.13.1+cu116
    PyTorch compiling details: PyTorch built with:
  - GCC 9.3
  - C++ Version: 201402
  - Intel(R) Math Kernel Library Version 2020.0.0 Product Build 20191122 for Intel(R) 64 architecture applications
  - Intel(R) MKL-DNN v2.6.0 (Git Hash 52b5f107dd9cf10910aaa19cb47f3abf9b349815)
  - OpenMP 201511 (a.k.a. OpenMP 4.5)
  - LAPACK is enabled (usually provided by MKL)
  - NNPACK is enabled
  - CPU capability usage: AVX2
  - CUDA Runtime 11.6
  - NVCC architecture flags: -gencode;arch=compute_37,code=sm_37;-gencode;arch=compute_50,code=sm_50;-gencode;arch=compute_60,code=sm_60;-gencode;arch=compute_70,code=sm_70;-gencode;arch=compute_75,code=sm_75;-gencode;arch=compute_80,code=sm_80;-gencode;arch=compute_86,code=sm_86
  - CuDNN 8.3.2  (built against CUDA 11.5)
  - Magma 2.6.1
  - Build settings: BLAS_INFO=mkl, BUILD_TYPE=Release, CUDA_VERSION=11.6, CUDNN_VERSION=8.3.2, CXX_COMPILER=/opt/rh/devtoolset-9/root/usr/bin/c++, CXX_FLAGS= -fabi-version=11 -Wno-deprecated -fvisibility-inlines-hidden -DUSE_PTHREADPOOL -fopenmp -DNDEBUG -DUSE_KINETO -DUSE_FBGEMM -DUSE_QNNPACK -DUSE_PYTORCH_QNNPACK -DUSE_XNNPACK -DSYMBOLICATE_MOBILE_DEBUG_HANDLE -DEDGE_PROFILER_USE_KINETO -O2 -fPIC -Wno-narrowing -Wall -Wextra -Werror=return-type -Werror=non-virtual-dtor -Wno-missing-field-initializers -Wno-type-limits -Wno-array-bounds -Wno-unknown-pragmas -Wunused-local-typedefs -Wno-unused-parameter -Wno-unused-function -Wno-unused-result -Wno-strict-overflow -Wno-strict-aliasing -Wno-error=deprecated-declarations -Wno-stringop-overflow -Wno-psabi -Wno-error=pedantic -Wno-error=redundant-decls -Wno-error=old-style-cast -fdiagnostics-color=always -faligned-new -Wno-unused-but-set-variable -Wno-maybe-uninitialized -fno-math-errno -fno-trapping-math -Werror=format -Werror=cast-function-type -Wno-stringop-overflow, LAPACK_INFO=mkl, PERF_WITH_AVX=1, PERF_WITH_AVX2=1, PERF_WITH_AVX512=1, TORCH_VERSION=1.13.1, USE_CUDA=ON, USE_CUDNN=ON, USE_EXCEPTION_PTR=1, USE_GFLAGS=OFF, USE_GLOG=OFF, USE_MKL=ON, USE_MKLDNN=ON, USE_MPI=OFF, USE_NCCL=ON, USE_NNPACK=ON, USE_OPENMP=ON, USE_ROCM=OFF, 

    TorchVision: 0.14.1+cu116
    OpenCV: 4.7.0
    MMEngine: 0.7.4

Runtime environment:
    cudnn_benchmark: False
    mp_cfg: {'mp_start_method': 'fork', 'opencv_num_threads': 0}
    dist_cfg: {'backend': 'nccl'}
    seed: 1563603180
    Distributed launcher: none
    Distributed training: False
    GPU number: 1
------------------------------------------------------------

2023/06/22 05:32:14 - mmengine - INFO - Config:
batch = 8
lr = 0.01
optimizer = 'SGD'
epochs = 150
input_size = 300
model = dict(
    type='SingleStageDetector',
    data_preprocessor=dict(
        type='DetDataPreprocessor',
        mean=[123.675, 116.28, 103.53],
        std=[1, 1, 1],
        bgr_to_rgb=True,
        pad_size_divisor=1),
    backbone=dict(
        type='SSDVGG',
        depth=16,
        with_last_pool=False,
        ceil_mode=True,
        out_indices=(3, 4),
        out_feature_indices=(22, 34),
        init_cfg=dict(
            type='Pretrained', checkpoint='open-mmlab://vgg16_caffe')),
    neck=dict(
        type='SSDNeck',
        in_channels=(512, 1024),
        out_channels=(512, 1024, 512, 256, 256, 256),
        level_strides=(2, 2, 1, 1),
        level_paddings=(1, 1, 0, 0),
        l2_norm_scale=20),
    bbox_head=dict(
        type='SSDHead',
        in_channels=(512, 1024, 512, 256, 256, 256),
        num_classes=13,
        anchor_generator=dict(
            type='SSDAnchorGenerator',
            scale_major=False,
            input_size=300,
            basesize_ratio_range=(0.15, 0.9),
            strides=[8, 16, 32, 64, 100, 300],
            ratios=[[2], [2, 3], [2, 3], [2, 3], [2], [2]]),
        bbox_coder=dict(
            type='DeltaXYWHBBoxCoder',
            target_means=[0.0, 0.0, 0.0, 0.0],
            target_stds=[0.1, 0.1, 0.2, 0.2])),
    train_cfg=dict(
        assigner=dict(
            type='MaxIoUAssigner',
            pos_iou_thr=0.5,
            neg_iou_thr=0.5,
            min_pos_iou=0.0,
            ignore_iof_thr=-1,
            gt_max_assign_all=False),
        sampler=dict(type='PseudoSampler'),
        smoothl1_beta=1.0,
        allowed_border=-1,
        pos_weight=-1,
        neg_pos_ratio=3,
        debug=False),
    test_cfg=dict(
        nms_pre=1000,
        nms=dict(type='nms', iou_threshold=0.45),
        min_bbox_size=0,
        score_thr=0.02,
        max_per_img=200))
cudnn_benchmark = True
dataset_type = 'CocoDataset'
data_root = 'dataset'
classes = ('pad', 'scribe_line', 'contamination', 'corrosion', 'crack', 'chip',
           'discolor', 'particle', 'scratch', 'burr', 'fly_die', 'shift_sl',
           'flake')
class_weight = [
    0.20493364, 0.60980849, 1.69637635, 1.71051282, 1.71051282, 1.62647812,
    1.71051282, 1.71051282, 1.68247163, 1.70766671, 1.71051282, 1.71051282,
    1.69918492, 1.0
]
backend_args = None
metainfo = dict(
    classes=('pad', 'scribe_line', 'contamination', 'corrosion', 'crack',
             'chip', 'discolor', 'particle', 'scratch', 'burr', 'fly_die',
             'shift_sl', 'flake'),
    palette=[(222, 3, 75), (17, 46, 34), (220, 3, 164), (110, 176, 47),
             (132, 100, 151), (20, 230, 12), (90, 132, 236), (232, 174, 55),
             (2, 152, 197), (145, 206, 209), (31, 161, 86), (212, 220, 104),
             (101, 250, 98)])
train_pipeline = [
    dict(type='LoadImageFromFile', backend_args=None),
    dict(type='LoadAnnotations', with_bbox=True),
    dict(
        type='Expand',
        mean=[123.675, 116.28, 103.53],
        to_rgb=True,
        ratio_range=(1, 4)),
    dict(
        type='MinIoURandomCrop',
        min_ious=(0.1, 0.3, 0.5, 0.7, 0.9),
        min_crop_size=0.3),
    dict(type='Resize', scale=(300, 300), keep_ratio=False),
    dict(type='RandomFlip', prob=0.5),
    dict(
        type='PhotoMetricDistortion',
        brightness_delta=32,
        contrast_range=(0.5, 1.5),
        saturation_range=(0.5, 1.5),
        hue_delta=18),
    dict(type='PackDetInputs')
]
test_pipeline = [
    dict(type='LoadImageFromFile', backend_args=None),
    dict(type='Resize', scale=(300, 300), keep_ratio=False),
    dict(type='LoadAnnotations', with_bbox=True),
    dict(
        type='PackDetInputs',
        meta_keys=('img_id', 'img_path', 'ori_shape', 'img_shape',
                   'scale_factor'))
]
val_evaluator = dict(
    type='CocoMetric',
    ann_file='dataset/val_coco.json',
    metric='bbox',
    backend_args=None)
test_evaluator = dict(
    type='CocoMetric',
    ann_file='dataset/test_coco.json',
    metric='bbox',
    backend_args=None)
train_cfg = dict(type='EpochBasedTrainLoop', max_epochs=150, val_interval=1)
val_cfg = dict(type='ValLoop')
test_cfg = dict(type='TestLoop')
param_scheduler = [
    dict(
        type='LinearLR', start_factor=0.001, by_epoch=False, begin=0, end=500),
    dict(
        type='MultiStepLR',
        begin=0,
        end=24,
        by_epoch=True,
        milestones=[16, 22],
        gamma=0.1)
]
optim_wrapper = dict(
    type='OptimWrapper',
    optimizer=dict(type='SGD', lr=0.01, momentum=0.9, weight_decay=0.0005))
auto_scale_lr = dict(base_batch_size=64)
default_scope = 'mmdet'
default_hooks = dict(
    timer=dict(type='IterTimerHook'),
    logger=dict(type='LoggerHook', interval=10),
    param_scheduler=dict(type='ParamSchedulerHook'),
    checkpoint=dict(
        type='CheckpointHook', save_best='auto', max_keep_ckpts=10),
    sampler_seed=dict(type='DistSamplerSeedHook'),
    visualization=dict(type='DetVisualizationHook', draw=False, interval=1))
env_cfg = dict(
    cudnn_benchmark=False,
    mp_cfg=dict(mp_start_method='fork', opencv_num_threads=0),
    dist_cfg=dict(backend='nccl'))
vis_backends = [
    dict(type='LocalVisBackend'),
    dict(type='TensorboardVisBackend')
]
visualizer = dict(
    type='DetLocalVisualizer',
    vis_backends=[
        dict(type='LocalVisBackend'),
        dict(type='TensorboardVisBackend')
    ],
    name='visualizer')
log_processor = dict(type='LogProcessor', window_size=50, by_epoch=True)
log_level = 'INFO'
load_from = '/home/computervision_zl/Documents/ssd/checkpoint/ssd300_coco_20210803_015428-d231a06e.pth'
resume = False
train_dataloader = dict(
    batch_size=8,
    num_workers=8,
    sampler=dict(type='DefaultSampler', shuffle=True),
    batch_sampler=dict(type='AspectRatioBatchSampler'),
    dataset=dict(
        type='CocoDataset',
        metainfo=dict(
            classes=('pad', 'scribe_line', 'contamination', 'corrosion',
                     'crack', 'chip', 'discolor', 'particle', 'scratch',
                     'burr', 'fly_die', 'shift_sl', 'flake')),
        data_root='dataset',
        ann_file='train_coco.json',
        data_prefix=dict(img='train/'),
        filter_cfg=dict(filter_empty_gt=True, min_size=32),
        pipeline=[
            dict(type='LoadImageFromFile', backend_args=None),
            dict(type='LoadAnnotations', with_bbox=True),
            dict(
                type='Expand',
                mean=[123.675, 116.28, 103.53],
                to_rgb=True,
                ratio_range=(1, 4)),
            dict(
                type='MinIoURandomCrop',
                min_ious=(0.1, 0.3, 0.5, 0.7, 0.9),
                min_crop_size=0.3),
            dict(type='Resize', scale=(300, 300), keep_ratio=False),
            dict(type='RandomFlip', prob=0.5),
            dict(
                type='PhotoMetricDistortion',
                brightness_delta=32,
                contrast_range=(0.5, 1.5),
                saturation_range=(0.5, 1.5),
                hue_delta=18),
            dict(type='PackDetInputs')
        ],
        backend_args=None))
val_dataloader = dict(
    batch_size=8,
    num_workers=8,
    sampler=dict(type='DefaultSampler', shuffle=True),
    batch_sampler=dict(type='AspectRatioBatchSampler'),
    dataset=dict(
        type='CocoDataset',
        metainfo=dict(
            classes=('pad', 'scribe_line', 'contamination', 'corrosion',
                     'crack', 'chip', 'discolor', 'particle', 'scratch',
                     'burr', 'fly_die', 'shift_sl', 'flake')),
        data_root='dataset',
        ann_file='val_coco.json',
        data_prefix=dict(img='val/'),
        test_mode=True,
        pipeline=[
            dict(type='LoadImageFromFile', backend_args=None),
            dict(type='Resize', scale=(300, 300), keep_ratio=False),
            dict(type='LoadAnnotations', with_bbox=True),
            dict(
                type='PackDetInputs',
                meta_keys=('img_id', 'img_path', 'ori_shape', 'img_shape',
                           'scale_factor'))
        ],
        backend_args=None))
test_dataloader = dict(
    batch_size=8,
    num_workers=8,
    sampler=dict(type='DefaultSampler', shuffle=True),
    batch_sampler=dict(type='AspectRatioBatchSampler'),
    dataset=dict(
        type='CocoDataset',
        metainfo=dict(
            classes=('pad', 'scribe_line', 'contamination', 'corrosion',
                     'crack', 'chip', 'discolor', 'particle', 'scratch',
                     'burr', 'fly_die', 'shift_sl', 'flake')),
        data_root='dataset',
        ann_file='test_coco.json',
        data_prefix=dict(img='test/'),
        test_mode=True,
        pipeline=[
            dict(type='LoadImageFromFile', backend_args=None),
            dict(type='Resize', scale=(300, 300), keep_ratio=False),
            dict(type='LoadAnnotations', with_bbox=True),
            dict(
                type='PackDetInputs',
                meta_keys=('img_id', 'img_path', 'ori_shape', 'img_shape',
                           'scale_factor'))
        ],
        backend_args=None))
custom_hooks = [
    dict(type='NumClassCheckHook'),
    dict(type='CheckInvalidLossHook', interval=50, priority='VERY_LOW')
]
launcher = 'none'
work_dir = './work_dirs/ssd_4'

2023/06/22 05:32:19 - mmengine - INFO - Distributed training is not used, all SyncBatchNorm (SyncBN) layers in the model will be automatically reverted to BatchNormXd layers if they are used.
2023/06/22 05:32:19 - mmengine - INFO - Hooks will be executed in the following order:
before_run:
(VERY_HIGH   ) RuntimeInfoHook                    
(BELOW_NORMAL) LoggerHook                         
 -------------------- 
before_train:
(VERY_HIGH   ) RuntimeInfoHook                    
(NORMAL      ) IterTimerHook                      
(VERY_LOW    ) CheckpointHook                     
 -------------------- 
before_train_epoch:
(VERY_HIGH   ) RuntimeInfoHook                    
(NORMAL      ) IterTimerHook                      
(NORMAL      ) DistSamplerSeedHook                
(NORMAL      ) NumClassCheckHook                  
 -------------------- 
before_train_iter:
(VERY_HIGH   ) RuntimeInfoHook                    
(NORMAL      ) IterTimerHook                      
 -------------------- 
after_train_iter:
(VERY_HIGH   ) RuntimeInfoHook                    
(NORMAL      ) IterTimerHook                      
(BELOW_NORMAL) LoggerHook                         
(LOW         ) ParamSchedulerHook                 
(VERY_LOW    ) CheckpointHook                     
(VERY_LOW    ) CheckInvalidLossHook               
 -------------------- 
after_train_epoch:
(NORMAL      ) IterTimerHook                      
(LOW         ) ParamSchedulerHook                 
(VERY_LOW    ) CheckpointHook                     
 -------------------- 
before_val_epoch:
(NORMAL      ) IterTimerHook                      
(NORMAL      ) NumClassCheckHook                  
 -------------------- 
before_val_iter:
(NORMAL      ) IterTimerHook                      
 -------------------- 
after_val_iter:
(NORMAL      ) IterTimerHook                      
(NORMAL      ) DetVisualizationHook               
(BELOW_NORMAL) LoggerHook                         
 -------------------- 
after_val_epoch:
(VERY_HIGH   ) RuntimeInfoHook                    
(NORMAL      ) IterTimerHook                      
(BELOW_NORMAL) LoggerHook                         
(LOW         ) ParamSchedulerHook                 
(VERY_LOW    ) CheckpointHook                     
 -------------------- 
after_train:
(VERY_LOW    ) CheckpointHook                     
 -------------------- 
before_test_epoch:
(NORMAL      ) IterTimerHook                      
 -------------------- 
before_test_iter:
(NORMAL      ) IterTimerHook                      
 -------------------- 
after_test_iter:
(NORMAL      ) IterTimerHook                      
(NORMAL      ) DetVisualizationHook               
(BELOW_NORMAL) LoggerHook                         
 -------------------- 
after_test_epoch:
(VERY_HIGH   ) RuntimeInfoHook                    
(NORMAL      ) IterTimerHook                      
(BELOW_NORMAL) LoggerHook                         
 -------------------- 
after_run:
(BELOW_NORMAL) LoggerHook                         
 -------------------- 
2023/06/22 05:32:21 - mmengine - INFO - load model from: open-mmlab://vgg16_caffe
2023/06/22 05:32:21 - mmengine - INFO - Loads checkpoint by openmmlab backend from path: open-mmlab://vgg16_caffe
Name of parameter - Initialization information

backbone.features.0.weight - torch.Size([64, 3, 3, 3]): 
PretrainedInit: load from open-mmlab://vgg16_caffe 

backbone.features.0.bias - torch.Size([64]): 
PretrainedInit: load from open-mmlab://vgg16_caffe 

backbone.features.2.weight - torch.Size([64, 64, 3, 3]): 
PretrainedInit: load from open-mmlab://vgg16_caffe 

backbone.features.2.bias - torch.Size([64]): 
PretrainedInit: load from open-mmlab://vgg16_caffe 

backbone.features.5.weight - torch.Size([128, 64, 3, 3]): 
PretrainedInit: load from open-mmlab://vgg16_caffe 

backbone.features.5.bias - torch.Size([128]): 
PretrainedInit: load from open-mmlab://vgg16_caffe 

backbone.features.7.weight - torch.Size([128, 128, 3, 3]): 
PretrainedInit: load from open-mmlab://vgg16_caffe 

backbone.features.7.bias - torch.Size([128]): 
PretrainedInit: load from open-mmlab://vgg16_caffe 

backbone.features.10.weight - torch.Size([256, 128, 3, 3]): 
PretrainedInit: load from open-mmlab://vgg16_caffe 

backbone.features.10.bias - torch.Size([256]): 
PretrainedInit: load from open-mmlab://vgg16_caffe 

backbone.features.12.weight - torch.Size([256, 256, 3, 3]): 
PretrainedInit: load from open-mmlab://vgg16_caffe 

backbone.features.12.bias - torch.Size([256]): 
PretrainedInit: load from open-mmlab://vgg16_caffe 

backbone.features.14.weight - torch.Size([256, 256, 3, 3]): 
PretrainedInit: load from open-mmlab://vgg16_caffe 

backbone.features.14.bias - torch.Size([256]): 
PretrainedInit: load from open-mmlab://vgg16_caffe 

backbone.features.17.weight - torch.Size([512, 256, 3, 3]): 
PretrainedInit: load from open-mmlab://vgg16_caffe 

backbone.features.17.bias - torch.Size([512]): 
PretrainedInit: load from open-mmlab://vgg16_caffe 

backbone.features.19.weight - torch.Size([512, 512, 3, 3]): 
PretrainedInit: load from open-mmlab://vgg16_caffe 

backbone.features.19.bias - torch.Size([512]): 
PretrainedInit: load from open-mmlab://vgg16_caffe 

backbone.features.21.weight - torch.Size([512, 512, 3, 3]): 
PretrainedInit: load from open-mmlab://vgg16_caffe 

backbone.features.21.bias - torch.Size([512]): 
PretrainedInit: load from open-mmlab://vgg16_caffe 

backbone.features.24.weight - torch.Size([512, 512, 3, 3]): 
PretrainedInit: load from open-mmlab://vgg16_caffe 

backbone.features.24.bias - torch.Size([512]): 
PretrainedInit: load from open-mmlab://vgg16_caffe 

backbone.features.26.weight - torch.Size([512, 512, 3, 3]): 
PretrainedInit: load from open-mmlab://vgg16_caffe 

backbone.features.26.bias - torch.Size([512]): 
PretrainedInit: load from open-mmlab://vgg16_caffe 

backbone.features.28.weight - torch.Size([512, 512, 3, 3]): 
PretrainedInit: load from open-mmlab://vgg16_caffe 

backbone.features.28.bias - torch.Size([512]): 
PretrainedInit: load from open-mmlab://vgg16_caffe 

backbone.features.31.weight - torch.Size([1024, 512, 3, 3]): 
PretrainedInit: load from open-mmlab://vgg16_caffe 

backbone.features.31.bias - torch.Size([1024]): 
PretrainedInit: load from open-mmlab://vgg16_caffe 

backbone.features.33.weight - torch.Size([1024, 1024, 1, 1]): 
PretrainedInit: load from open-mmlab://vgg16_caffe 

backbone.features.33.bias - torch.Size([1024]): 
PretrainedInit: load from open-mmlab://vgg16_caffe 

neck.l2_norm.weight - torch.Size([512]): 
ConstantInit: val=20, bias=0 

neck.extra_layers.0.0.conv.weight - torch.Size([256, 1024, 1, 1]): 
XavierInit: gain=1, distribution=uniform, bias=0 

neck.extra_layers.0.0.conv.bias - torch.Size([256]): 
The value is the same before and after calling `init_weights` of SingleStageDetector  

neck.extra_layers.0.1.conv.weight - torch.Size([512, 256, 3, 3]): 
XavierInit: gain=1, distribution=uniform, bias=0 

neck.extra_layers.0.1.conv.bias - torch.Size([512]): 
The value is the same before and after calling `init_weights` of SingleStageDetector  

neck.extra_layers.1.0.conv.weight - torch.Size([128, 512, 1, 1]): 
XavierInit: gain=1, distribution=uniform, bias=0 

neck.extra_layers.1.0.conv.bias - torch.Size([128]): 
The value is the same before and after calling `init_weights` of SingleStageDetector  

neck.extra_layers.1.1.conv.weight - torch.Size([256, 128, 3, 3]): 
XavierInit: gain=1, distribution=uniform, bias=0 

neck.extra_layers.1.1.conv.bias - torch.Size([256]): 
The value is the same before and after calling `init_weights` of SingleStageDetector  

neck.extra_layers.2.0.conv.weight - torch.Size([128, 256, 1, 1]): 
XavierInit: gain=1, distribution=uniform, bias=0 

neck.extra_layers.2.0.conv.bias - torch.Size([128]): 
The value is the same before and after calling `init_weights` of SingleStageDetector  

neck.extra_layers.2.1.conv.weight - torch.Size([256, 128, 3, 3]): 
XavierInit: gain=1, distribution=uniform, bias=0 

neck.extra_layers.2.1.conv.bias - torch.Size([256]): 
The value is the same before and after calling `init_weights` of SingleStageDetector  

neck.extra_layers.3.0.conv.weight - torch.Size([128, 256, 1, 1]): 
XavierInit: gain=1, distribution=uniform, bias=0 

neck.extra_layers.3.0.conv.bias - torch.Size([128]): 
The value is the same before and after calling `init_weights` of SingleStageDetector  

neck.extra_layers.3.1.conv.weight - torch.Size([256, 128, 3, 3]): 
XavierInit: gain=1, distribution=uniform, bias=0 

neck.extra_layers.3.1.conv.bias - torch.Size([256]): 
The value is the same before and after calling `init_weights` of SingleStageDetector  

bbox_head.cls_convs.0.0.weight - torch.Size([56, 512, 3, 3]): 
XavierInit: gain=1, distribution=uniform, bias=0 

bbox_head.cls_convs.0.0.bias - torch.Size([56]): 
XavierInit: gain=1, distribution=uniform, bias=0 

bbox_head.cls_convs.1.0.weight - torch.Size([84, 1024, 3, 3]): 
XavierInit: gain=1, distribution=uniform, bias=0 

bbox_head.cls_convs.1.0.bias - torch.Size([84]): 
XavierInit: gain=1, distribution=uniform, bias=0 

bbox_head.cls_convs.2.0.weight - torch.Size([84, 512, 3, 3]): 
XavierInit: gain=1, distribution=uniform, bias=0 

bbox_head.cls_convs.2.0.bias - torch.Size([84]): 
XavierInit: gain=1, distribution=uniform, bias=0 

bbox_head.cls_convs.3.0.weight - torch.Size([84, 256, 3, 3]): 
XavierInit: gain=1, distribution=uniform, bias=0 

bbox_head.cls_convs.3.0.bias - torch.Size([84]): 
XavierInit: gain=1, distribution=uniform, bias=0 

bbox_head.cls_convs.4.0.weight - torch.Size([56, 256, 3, 3]): 
XavierInit: gain=1, distribution=uniform, bias=0 

bbox_head.cls_convs.4.0.bias - torch.Size([56]): 
XavierInit: gain=1, distribution=uniform, bias=0 

bbox_head.cls_convs.5.0.weight - torch.Size([56, 256, 3, 3]): 
XavierInit: gain=1, distribution=uniform, bias=0 

bbox_head.cls_convs.5.0.bias - torch.Size([56]): 
XavierInit: gain=1, distribution=uniform, bias=0 

bbox_head.reg_convs.0.0.weight - torch.Size([16, 512, 3, 3]): 
XavierInit: gain=1, distribution=uniform, bias=0 

bbox_head.reg_convs.0.0.bias - torch.Size([16]): 
XavierInit: gain=1, distribution=uniform, bias=0 

bbox_head.reg_convs.1.0.weight - torch.Size([24, 1024, 3, 3]): 
XavierInit: gain=1, distribution=uniform, bias=0 

bbox_head.reg_convs.1.0.bias - torch.Size([24]): 
XavierInit: gain=1, distribution=uniform, bias=0 

bbox_head.reg_convs.2.0.weight - torch.Size([24, 512, 3, 3]): 
XavierInit: gain=1, distribution=uniform, bias=0 

bbox_head.reg_convs.2.0.bias - torch.Size([24]): 
XavierInit: gain=1, distribution=uniform, bias=0 

bbox_head.reg_convs.3.0.weight - torch.Size([24, 256, 3, 3]): 
XavierInit: gain=1, distribution=uniform, bias=0 

bbox_head.reg_convs.3.0.bias - torch.Size([24]): 
XavierInit: gain=1, distribution=uniform, bias=0 

bbox_head.reg_convs.4.0.weight - torch.Size([16, 256, 3, 3]): 
XavierInit: gain=1, distribution=uniform, bias=0 

bbox_head.reg_convs.4.0.bias - torch.Size([16]): 
XavierInit: gain=1, distribution=uniform, bias=0 

bbox_head.reg_convs.5.0.weight - torch.Size([16, 256, 3, 3]): 
XavierInit: gain=1, distribution=uniform, bias=0 

bbox_head.reg_convs.5.0.bias - torch.Size([16]): 
XavierInit: gain=1, distribution=uniform, bias=0 
2023/06/22 05:32:21 - mmengine - INFO - Load checkpoint from /home/computervision_zl/Documents/ssd/checkpoint/ssd300_coco_20210803_015428-d231a06e.pth
2023/06/22 05:32:21 - mmengine - WARNING - "FileClient" will be deprecated in future. Please use io functions in https://mmengine.readthedocs.io/en/latest/api/fileio.html#file-io
2023/06/22 05:32:21 - mmengine - WARNING - "HardDiskBackend" is the alias of "LocalBackend" and the former will be deprecated in future.
2023/06/22 05:32:21 - mmengine - INFO - Checkpoints will be saved to /home/computervision_zl/Documents/ssd/work_dirs/ssd_4.
2023/06/22 05:32:25 - mmengine - INFO - Epoch(train)   [1][ 10/512]  lr: 1.9018e-04  eta: 6:42:49  time: 0.3147  data_time: 0.0652  memory: 1492  loss: 17.8476  loss_cls: 16.1660  loss_bbox: 1.6816
2023/06/22 05:32:25 - mmengine - INFO - Epoch(train)   [1][ 20/512]  lr: 3.9038e-04  eta: 4:12:26  time: 0.1973  data_time: 0.0343  memory: 1492  loss: 15.7302  loss_cls: 13.7817  loss_bbox: 1.9485
2023/06/22 05:32:26 - mmengine - INFO - Epoch(train)   [1][ 30/512]  lr: 5.9058e-04  eta: 3:24:08  time: 0.1596  data_time: 0.0254  memory: 1492  loss: 14.3696  loss_cls: 12.2999  loss_bbox: 2.0697
2023/06/22 05:32:27 - mmengine - INFO - Epoch(train)   [1][ 40/512]  lr: 7.9078e-04  eta: 3:00:07  time: 0.1408  data_time: 0.0208  memory: 1492  loss: 13.2213  loss_cls: 11.1256  loss_bbox: 2.0957
2023/06/22 05:32:28 - mmengine - INFO - Epoch(train)   [1][ 50/512]  lr: 9.9098e-04  eta: 2:45:15  time: 0.1292  data_time: 0.0179  memory: 1492  loss: 12.1789  loss_cls: 10.0886  loss_bbox: 2.0902
2023/06/22 05:32:29 - mmengine - INFO - Epoch(train)   [1][ 60/512]  lr: 1.1912e-03  eta: 2:35:25  time: 0.0829  data_time: 0.0063  memory: 1492  loss: 10.0800  loss_cls: 7.9196  loss_bbox: 2.1604
2023/06/22 05:32:30 - mmengine - INFO - Epoch(train)   [1][ 70/512]  lr: 1.3914e-03  eta: 2:28:50  time: 0.0840  data_time: 0.0073  memory: 1492  loss: 8.7813  loss_cls: 6.6768  loss_bbox: 2.1045
2023/06/22 05:32:30 - mmengine - INFO - Epoch(train)   [1][ 80/512]  lr: 1.5916e-03  eta: 2:23:34  time: 0.0839  data_time: 0.0070  memory: 1492  loss: 7.7484  loss_cls: 5.7774  loss_bbox: 1.9710
2023/06/22 05:32:31 - mmengine - INFO - Epoch(train)   [1][ 90/512]  lr: 1.7918e-03  eta: 2:19:42  time: 0.0841  data_time: 0.0072  memory: 1492  loss: 7.0489  loss_cls: 5.1973  loss_bbox: 1.8516
2023/06/22 05:32:32 - mmengine - INFO - Epoch(train)   [1][100/512]  lr: 1.9920e-03  eta: 2:16:10  time: 0.0839  data_time: 0.0073  memory: 1492  loss: 6.6934  loss_cls: 4.9205  loss_bbox: 1.7728
2023/06/22 05:32:33 - mmengine - INFO - Epoch(train)   [1][110/512]  lr: 2.1922e-03  eta: 2:13:31  time: 0.0840  data_time: 0.0073  memory: 1492  loss: 6.5086  loss_cls: 4.8205  loss_bbox: 1.6881
2023/06/22 05:32:34 - mmengine - INFO - Epoch(train)   [1][120/512]  lr: 2.3924e-03  eta: 2:11:04  time: 0.0832  data_time: 0.0070  memory: 1492  loss: 6.2133  loss_cls: 4.6294  loss_bbox: 1.5839
2023/06/22 05:32:35 - mmengine - INFO - Epoch(train)   [1][130/512]  lr: 2.5926e-03  eta: 2:08:56  time: 0.0827  data_time: 0.0072  memory: 1492  loss: 6.1220  loss_cls: 4.5480  loss_bbox: 1.5740
2023/06/22 05:32:35 - mmengine - INFO - Epoch(train)   [1][140/512]  lr: 2.7928e-03  eta: 2:07:14  time: 0.0821  data_time: 0.0070  memory: 1492  loss: 6.0686  loss_cls: 4.5218  loss_bbox: 1.5467
2023/06/22 05:32:36 - mmengine - INFO - Epoch(train)   [1][150/512]  lr: 2.9930e-03  eta: 2:05:39  time: 0.0820  data_time: 0.0069  memory: 1492  loss: 6.0399  loss_cls: 4.4985  loss_bbox: 1.5415
2023/06/22 05:32:37 - mmengine - INFO - Epoch(train)   [1][160/512]  lr: 3.1932e-03  eta: 2:04:29  time: 0.0820  data_time: 0.0068  memory: 1492  loss: 5.9721  loss_cls: 4.4167  loss_bbox: 1.5554
2023/06/22 05:32:38 - mmengine - INFO - Epoch(train)   [1][170/512]  lr: 3.3934e-03  eta: 2:03:21  time: 0.0823  data_time: 0.0069  memory: 1492  loss: 6.0349  loss_cls: 4.4370  loss_bbox: 1.5979
2023/06/22 05:32:39 - mmengine - INFO - Epoch(train)   [1][180/512]  lr: 3.5936e-03  eta: 2:02:27  time: 0.0829  data_time: 0.0070  memory: 1492  loss: 6.1997  loss_cls: 4.5154  loss_bbox: 1.6843
2023/06/22 05:32:39 - mmengine - INFO - Epoch(train)   [1][190/512]  lr: 3.7938e-03  eta: 2:01:31  time: 0.0829  data_time: 0.0069  memory: 1492  loss: 6.1816  loss_cls: 4.4863  loss_bbox: 1.6953
2023/06/22 05:32:40 - mmengine - INFO - Epoch(train)   [1][200/512]  lr: 3.9940e-03  eta: 2:00:56  time: 0.0838  data_time: 0.0075  memory: 1492  loss: 6.1701  loss_cls: 4.5038  loss_bbox: 1.6663
2023/06/22 05:32:41 - mmengine - INFO - Epoch(train)   [1][210/512]  lr: 4.1942e-03  eta: 2:00:13  time: 0.0837  data_time: 0.0073  memory: 1492  loss: 6.1882  loss_cls: 4.4865  loss_bbox: 1.7016
2023/06/22 05:32:42 - mmengine - INFO - Epoch(train)   [1][220/512]  lr: 4.3944e-03  eta: 1:59:32  time: 0.0837  data_time: 0.0073  memory: 1492  loss: 6.1178  loss_cls: 4.4324  loss_bbox: 1.6854
2023/06/22 05:32:43 - mmengine - INFO - Epoch(train)   [1][230/512]  lr: 4.5946e-03  eta: 1:58:59  time: 0.0836  data_time: 0.0072  memory: 1492  loss: 5.8676  loss_cls: 4.2958  loss_bbox: 1.5718
2023/06/22 05:32:44 - mmengine - INFO - Epoch(train)   [1][240/512]  lr: 4.7948e-03  eta: 1:58:25  time: 0.0838  data_time: 0.0072  memory: 1492  loss: 5.8950  loss_cls: 4.3080  loss_bbox: 1.5870
2023/06/22 05:32:44 - mmengine - INFO - Epoch(train)   [1][250/512]  lr: 4.9950e-03  eta: 1:57:52  time: 0.0830  data_time: 0.0069  memory: 1492  loss: 5.8256  loss_cls: 4.2304  loss_bbox: 1.5952
2023/06/22 05:32:45 - mmengine - INFO - Epoch(train)   [1][260/512]  lr: 5.1952e-03  eta: 1:57:18  time: 0.0826  data_time: 0.0071  memory: 1492  loss: 5.8226  loss_cls: 4.2918  loss_bbox: 1.5309
2023/06/22 05:32:46 - mmengine - INFO - Epoch(train)   [1][270/512]  lr: 5.3954e-03  eta: 1:56:50  time: 0.0826  data_time: 0.0072  memory: 1492  loss: 5.9250  loss_cls: 4.3712  loss_bbox: 1.5538
2023/06/22 05:32:47 - mmengine - INFO - Epoch(train)   [1][280/512]  lr: 5.5956e-03  eta: 1:56:22  time: 0.0821  data_time: 0.0073  memory: 1492  loss: 5.9930  loss_cls: 4.4332  loss_bbox: 1.5597
2023/06/22 05:32:48 - mmengine - INFO - Epoch(train)   [1][290/512]  lr: 5.7958e-03  eta: 1:55:55  time: 0.0818  data_time: 0.0073  memory: 1492  loss: 6.0183  loss_cls: 4.4218  loss_bbox: 1.5964
2023/06/22 05:32:49 - mmengine - INFO - Epoch(train)   [1][300/512]  lr: 5.9960e-03  eta: 1:55:40  time: 0.0824  data_time: 0.0074  memory: 1492  loss: 6.0022  loss_cls: 4.4117  loss_bbox: 1.5905
2023/06/22 05:32:49 - mmengine - INFO - Epoch(train)   [1][310/512]  lr: 6.1962e-03  eta: 1:55:19  time: 0.0827  data_time: 0.0071  memory: 1492  loss: 5.9764  loss_cls: 4.3518  loss_bbox: 1.6246
2023/06/22 05:32:50 - mmengine - INFO - Epoch(train)   [1][320/512]  lr: 6.3964e-03  eta: 1:54:52  time: 0.0822  data_time: 0.0068  memory: 1492  loss: 5.9387  loss_cls: 4.3315  loss_bbox: 1.6073
2023/06/22 05:32:51 - mmengine - INFO - Epoch(train)   [1][330/512]  lr: 6.5966e-03  eta: 1:54:32  time: 0.0821  data_time: 0.0071  memory: 1492  loss: 5.8058  loss_cls: 4.2268  loss_bbox: 1.5790
2023/06/22 05:32:52 - mmengine - INFO - Epoch(train)   [1][340/512]  lr: 6.7968e-03  eta: 1:54:10  time: 0.0820  data_time: 0.0071  memory: 1492  loss: 5.7273  loss_cls: 4.1726  loss_bbox: 1.5546
2023/06/22 05:32:53 - mmengine - INFO - Epoch(train)   [1][350/512]  lr: 6.9970e-03  eta: 1:53:49  time: 0.0809  data_time: 0.0070  memory: 1492  loss: 5.7234  loss_cls: 4.1322  loss_bbox: 1.5911
2023/06/22 05:32:53 - mmengine - INFO - Epoch(train)   [1][360/512]  lr: 7.1972e-03  eta: 1:53:26  time: 0.0803  data_time: 0.0070  memory: 1492  loss: 5.7423  loss_cls: 4.1214  loss_bbox: 1.6209
2023/06/22 05:32:54 - mmengine - INFO - Epoch(train)   [1][370/512]  lr: 7.3974e-03  eta: 1:53:08  time: 0.0805  data_time: 0.0075  memory: 1492  loss: 5.8675  loss_cls: 4.1512  loss_bbox: 1.7163
2023/06/22 05:32:55 - mmengine - INFO - Epoch(train)   [1][380/512]  lr: 7.5976e-03  eta: 1:52:50  time: 0.0801  data_time: 0.0070  memory: 1492  loss: 5.9748  loss_cls: 4.1923  loss_bbox: 1.7825
2023/06/22 05:32:56 - mmengine - INFO - Epoch(train)   [1][390/512]  lr: 7.7978e-03  eta: 1:52:32  time: 0.0801  data_time: 0.0070  memory: 1492  loss: 6.0157  loss_cls: 4.2312  loss_bbox: 1.7845
2023/06/22 05:32:57 - mmengine - INFO - Epoch(train)   [1][400/512]  lr: 7.9980e-03  eta: 1:52:16  time: 0.0801  data_time: 0.0069  memory: 1492  loss: 6.1329  loss_cls: 4.3234  loss_bbox: 1.8095
2023/06/22 05:32:57 - mmengine - INFO - Epoch(train)   [1][410/512]  lr: 8.1982e-03  eta: 1:52:04  time: 0.0807  data_time: 0.0074  memory: 1492  loss: 6.1062  loss_cls: 4.3097  loss_bbox: 1.7964
2023/06/22 05:32:58 - mmengine - INFO - Epoch(train)   [1][420/512]  lr: 8.3984e-03  eta: 1:51:44  time: 0.0800  data_time: 0.0067  memory: 1492  loss: 5.9810  loss_cls: 4.2477  loss_bbox: 1.7333
2023/06/22 05:32:59 - mmengine - INFO - Epoch(train)   [1][430/512]  lr: 8.5986e-03  eta: 1:51:31  time: 0.0802  data_time: 0.0070  memory: 1492  loss: 5.9560  loss_cls: 4.2473  loss_bbox: 1.7087
2023/06/22 05:33:00 - mmengine - INFO - Epoch(train)   [1][440/512]  lr: 8.7988e-03  eta: 1:51:15  time: 0.0800  data_time: 0.0070  memory: 1492  loss: 5.9423  loss_cls: 4.2366  loss_bbox: 1.7056
2023/06/22 05:33:01 - mmengine - INFO - Epoch(train)   [1][450/512]  lr: 8.9990e-03  eta: 1:51:04  time: 0.0802  data_time: 0.0073  memory: 1492  loss: 5.9172  loss_cls: 4.2448  loss_bbox: 1.6725
2023/06/22 05:33:02 - mmengine - INFO - Epoch(train)   [1][460/512]  lr: 9.1992e-03  eta: 1:51:01  time: 0.0809  data_time: 0.0068  memory: 1492  loss: 6.0386  loss_cls: 4.3549  loss_bbox: 1.6837
2023/06/22 05:33:02 - mmengine - INFO - Epoch(train)   [1][470/512]  lr: 9.3994e-03  eta: 1:50:47  time: 0.0813  data_time: 0.0072  memory: 1492  loss: 6.1325  loss_cls: 4.4377  loss_bbox: 1.6948
2023/06/22 05:33:03 - mmengine - INFO - Epoch(train)   [1][480/512]  lr: 9.5996e-03  eta: 1:50:35  time: 0.0812  data_time: 0.0071  memory: 1492  loss: 6.2381  loss_cls: 4.5087  loss_bbox: 1.7294
2023/06/22 05:33:04 - mmengine - INFO - Epoch(train)   [1][490/512]  lr: 9.7998e-03  eta: 1:50:28  time: 0.0819  data_time: 0.0075  memory: 1492  loss: 6.2134  loss_cls: 4.4804  loss_bbox: 1.7330
2023/06/22 05:33:05 - mmengine - INFO - Epoch(train)   [1][500/512]  lr: 1.0000e-02  eta: 1:50:22  time: 0.0823  data_time: 0.0070  memory: 1492  loss: 6.2245  loss_cls: 4.4668  loss_bbox: 1.7577
2023/06/22 05:33:06 - mmengine - INFO - Epoch(train)   [1][510/512]  lr: 1.0000e-02  eta: 1:50:17  time: 0.0820  data_time: 0.0071  memory: 1492  loss: 6.1722  loss_cls: 4.4233  loss_bbox: 1.7489
2023/06/22 05:33:06 - mmengine - INFO - Exp name: ssd_4_20230622_053212
2023/06/22 05:33:07 - mmengine - INFO - Epoch(val)   [1][10/65]    eta: 0:00:05  time: 0.1039  data_time: 0.0621  memory: 1492  
2023/06/22 05:33:07 - mmengine - INFO - Epoch(val)   [1][20/65]    eta: 0:00:03  time: 0.0738  data_time: 0.0326  memory: 834  
2023/06/22 05:33:08 - mmengine - INFO - Epoch(val)   [1][30/65]    eta: 0:00:02  time: 0.0648  data_time: 0.0235  memory: 834  
2023/06/22 05:33:08 - mmengine - INFO - Epoch(val)   [1][40/65]    eta: 0:00:01  time: 0.0603  data_time: 0.0191  memory: 834  
2023/06/22 05:33:09 - mmengine - INFO - Epoch(val)   [1][50/65]    eta: 0:00:00  time: 0.0576  data_time: 0.0165  memory: 834  
2023/06/22 05:33:09 - mmengine - INFO - Epoch(val)   [1][60/65]    eta: 0:00:00  time: 0.0462  data_time: 0.0051  memory: 834  
2023/06/22 05:33:11 - mmengine - INFO - Evaluating bbox...
2023/06/22 05:33:16 - mmengine - INFO - bbox_mAP_copypaste: 0.071 0.145 0.055 0.000 0.061 0.073
2023/06/22 05:33:16 - mmengine - INFO - Epoch(val) [1][65/65]    coco/bbox_mAP: 0.0710  coco/bbox_mAP_50: 0.1450  coco/bbox_mAP_75: 0.0550  coco/bbox_mAP_s: 0.0000  coco/bbox_mAP_m: 0.0610  coco/bbox_mAP_l: 0.0730  data_time: 0.0139  time: 0.0546
2023/06/22 05:33:17 - mmengine - INFO - The best checkpoint with 0.0710 coco/bbox_mAP at 1 epoch is saved to best_coco_bbox_mAP_epoch_1.pth.
2023/06/22 05:33:19 - mmengine - INFO - Epoch(train)   [2][ 10/512]  lr: 1.0000e-02  eta: 1:51:57  time: 0.0976  data_time: 0.0212  memory: 1492  loss: 6.1676  loss_cls: 4.3890  loss_bbox: 1.7785
2023/06/22 05:33:20 - mmengine - INFO - Epoch(train)   [2][ 20/512]  lr: 1.0000e-02  eta: 1:51:41  time: 0.0970  data_time: 0.0208  memory: 1492  loss: 6.0603  loss_cls: 4.3255  loss_bbox: 1.7348
2023/06/22 05:33:21 - mmengine - INFO - Epoch(train)   [2][ 30/512]  lr: 1.0000e-02  eta: 1:51:27  time: 0.0957  data_time: 0.0199  memory: 1492  loss: 6.0919  loss_cls: 4.3653  loss_bbox: 1.7266
2023/06/22 05:33:21 - mmengine - INFO - Epoch(train)   [2][ 40/512]  lr: 1.0000e-02  eta: 1:51:17  time: 0.0954  data_time: 0.0202  memory: 1492  loss: 6.0423  loss_cls: 4.2873  loss_bbox: 1.7551
2023/06/22 05:33:22 - mmengine - INFO - Epoch(train)   [2][ 50/512]  lr: 1.0000e-02  eta: 1:51:11  time: 0.0954  data_time: 0.0203  memory: 1492  loss: 5.9045  loss_cls: 4.2178  loss_bbox: 1.6867
2023/06/22 05:33:23 - mmengine - INFO - Epoch(train)   [2][ 60/512]  lr: 1.0000e-02  eta: 1:51:05  time: 0.0808  data_time: 0.0064  memory: 1492  loss: 5.7453  loss_cls: 4.1243  loss_bbox: 1.6210
2023/06/22 05:33:24 - mmengine - INFO - Epoch(train)   [2][ 70/512]  lr: 1.0000e-02  eta: 1:50:58  time: 0.0820  data_time: 0.0070  memory: 1492  loss: 5.7190  loss_cls: 4.1095  loss_bbox: 1.6095
2023/06/22 05:33:25 - mmengine - INFO - Epoch(train)   [2][ 80/512]  lr: 1.0000e-02  eta: 1:50:51  time: 0.0828  data_time: 0.0072  memory: 1492  loss: 5.7367  loss_cls: 4.1034  loss_bbox: 1.6332
2023/06/22 05:33:26 - mmengine - INFO - Epoch(train)   [2][ 90/512]  lr: 1.0000e-02  eta: 1:50:44  time: 0.0829  data_time: 0.0070  memory: 1492  loss: 5.7467  loss_cls: 4.1372  loss_bbox: 1.6094
2023/06/22 05:33:26 - mmengine - INFO - Epoch(train)   [2][100/512]  lr: 1.0000e-02  eta: 1:50:38  time: 0.0830  data_time: 0.0071  memory: 1492  loss: 5.7588  loss_cls: 4.1200  loss_bbox: 1.6388
2023/06/22 05:33:27 - mmengine - INFO - Epoch(train)   [2][110/512]  lr: 1.0000e-02  eta: 1:50:32  time: 0.0829  data_time: 0.0070  memory: 1492  loss: 5.8071  loss_cls: 4.1767  loss_bbox: 1.6304
2023/06/22 05:33:28 - mmengine - INFO - Epoch(train)   [2][120/512]  lr: 1.0000e-02  eta: 1:50:24  time: 0.0825  data_time: 0.0066  memory: 1492  loss: 5.7685  loss_cls: 4.1397  loss_bbox: 1.6288
2023/06/22 05:33:29 - mmengine - INFO - Epoch(train)   [2][130/512]  lr: 1.0000e-02  eta: 1:50:19  time: 0.0827  data_time: 0.0069  memory: 1492  loss: 5.6571  loss_cls: 4.0944  loss_bbox: 1.5627
2023/06/22 05:33:30 - mmengine - INFO - Epoch(train)   [2][140/512]  lr: 1.0000e-02  eta: 1:50:15  time: 0.0831  data_time: 0.0070  memory: 1492  loss: 5.6053  loss_cls: 4.0648  loss_bbox: 1.5405
2023/06/22 05:33:31 - mmengine - INFO - Epoch(train)   [2][150/512]  lr: 1.0000e-02  eta: 1:50:11  time: 0.0831  data_time: 0.0069  memory: 1492  loss: 5.6638  loss_cls: 4.1106  loss_bbox: 1.5532
2023/06/22 05:33:31 - mmengine - INFO - Epoch(train)   [2][160/512]  lr: 1.0000e-02  eta: 1:50:06  time: 0.0832  data_time: 0.0069  memory: 1492  loss: 5.6058  loss_cls: 4.0505  loss_bbox: 1.5553
2023/06/22 05:33:32 - mmengine - INFO - Epoch(train)   [2][170/512]  lr: 1.0000e-02  eta: 1:50:02  time: 0.0837  data_time: 0.0070  memory: 1492  loss: 5.6989  loss_cls: 4.1117  loss_bbox: 1.5872
2023/06/22 05:33:33 - mmengine - INFO - Epoch(train)   [2][180/512]  lr: 1.0000e-02  eta: 1:49:57  time: 0.0837  data_time: 0.0069  memory: 1492  loss: 5.7068  loss_cls: 4.0893  loss_bbox: 1.6175
2023/06/22 05:33:34 - mmengine - INFO - Epoch(train)   [2][190/512]  lr: 1.0000e-02  eta: 1:49:51  time: 0.0831  data_time: 0.0069  memory: 1492  loss: 5.7950  loss_cls: 4.1309  loss_bbox: 1.6641
2023/06/22 05:33:35 - mmengine - INFO - Epoch(train)   [2][200/512]  lr: 1.0000e-02  eta: 1:49:42  time: 0.0823  data_time: 0.0069  memory: 1492  loss: 5.6981  loss_cls: 4.0605  loss_bbox: 1.6375
2023/06/22 05:33:35 - mmengine - INFO - Epoch(train)   [2][210/512]  lr: 1.0000e-02  eta: 1:49:33  time: 0.0814  data_time: 0.0068  memory: 1492  loss: 5.6371  loss_cls: 4.0406  loss_bbox: 1.5965
2023/06/22 05:33:36 - mmengine - INFO - Epoch(train)   [2][220/512]  lr: 1.0000e-02  eta: 1:49:28  time: 0.0810  data_time: 0.0068  memory: 1492  loss: 5.5704  loss_cls: 3.9963  loss_bbox: 1.5741
2023/06/22 05:33:37 - mmengine - INFO - Epoch(train)   [2][230/512]  lr: 1.0000e-02  eta: 1:49:20  time: 0.0803  data_time: 0.0069  memory: 1492  loss: 5.4541  loss_cls: 3.9269  loss_bbox: 1.5272
2023/06/22 05:33:38 - mmengine - INFO - Epoch(train)   [2][240/512]  lr: 1.0000e-02  eta: 1:49:11  time: 0.0796  data_time: 0.0066  memory: 1492  loss: 5.3746  loss_cls: 3.8910  loss_bbox: 1.4837
2023/06/22 05:33:39 - mmengine - INFO - Epoch(train)   [2][250/512]  lr: 1.0000e-02  eta: 1:49:03  time: 0.0796  data_time: 0.0067  memory: 1492  loss: 5.4359  loss_cls: 3.9449  loss_bbox: 1.4910
2023/06/22 05:33:39 - mmengine - INFO - Epoch(train)   [2][260/512]  lr: 1.0000e-02  eta: 1:48:56  time: 0.0798  data_time: 0.0069  memory: 1492  loss: 5.4790  loss_cls: 3.9687  loss_bbox: 1.5103
2023/06/22 05:33:40 - mmengine - INFO - Epoch(train)   [2][270/512]  lr: 1.0000e-02  eta: 1:48:52  time: 0.0799  data_time: 0.0068  memory: 1492  loss: 5.5025  loss_cls: 3.9899  loss_bbox: 1.5126
2023/06/22 05:33:41 - mmengine - INFO - Epoch(train)   [2][280/512]  lr: 1.0000e-02  eta: 1:48:48  time: 0.0805  data_time: 0.0067  memory: 1492  loss: 5.5569  loss_cls: 4.0510  loss_bbox: 1.5060
2023/06/22 05:33:42 - mmengine - INFO - Epoch(train)   [2][290/512]  lr: 1.0000e-02  eta: 1:48:44  time: 0.0814  data_time: 0.0067  memory: 1492  loss: 5.5679  loss_cls: 4.0633  loss_bbox: 1.5046
2023/06/22 05:33:43 - mmengine - INFO - Epoch(train)   [2][300/512]  lr: 1.0000e-02  eta: 1:48:40  time: 0.0820  data_time: 0.0067  memory: 1492  loss: 5.4658  loss_cls: 3.9710  loss_bbox: 1.4948
2023/06/22 05:33:44 - mmengine - INFO - Epoch(train)   [2][310/512]  lr: 1.0000e-02  eta: 1:48:37  time: 0.0828  data_time: 0.0067  memory: 1492  loss: 5.5040  loss_cls: 4.0092  loss_bbox: 1.4948
2023/06/22 05:33:44 - mmengine - INFO - Epoch(train)   [2][320/512]  lr: 1.0000e-02  eta: 1:48:42  time: 0.0846  data_time: 0.0066  memory: 1492  loss: 5.6116  loss_cls: 4.0966  loss_bbox: 1.5150
2023/06/22 05:33:45 - mmengine - INFO - Epoch(train)   [2][330/512]  lr: 1.0000e-02  eta: 1:48:39  time: 0.0849  data_time: 0.0068  memory: 1492  loss: 5.6300  loss_cls: 4.0634  loss_bbox: 1.5666
2023/06/22 05:33:46 - mmengine - INFO - Epoch(train)   [2][340/512]  lr: 1.0000e-02  eta: 1:48:36  time: 0.0850  data_time: 0.0068  memory: 1492  loss: 5.5526  loss_cls: 4.0134  loss_bbox: 1.5392
2023/06/22 05:33:47 - mmengine - INFO - Epoch(train)   [2][350/512]  lr: 1.0000e-02  eta: 1:48:33  time: 0.0853  data_time: 0.0068  memory: 1492  loss: 5.5811  loss_cls: 4.0616  loss_bbox: 1.5195
2023/06/22 05:33:48 - mmengine - INFO - Epoch(train)   [2][360/512]  lr: 1.0000e-02  eta: 1:48:31  time: 0.0852  data_time: 0.0067  memory: 1492  loss: 5.5214  loss_cls: 4.0301  loss_bbox: 1.4913
2023/06/22 05:33:49 - mmengine - INFO - Epoch(train)   [2][370/512]  lr: 1.0000e-02  eta: 1:48:31  time: 0.0844  data_time: 0.0067  memory: 1492  loss: 5.4728  loss_cls: 3.9880  loss_bbox: 1.4848
2023/06/22 05:33:50 - mmengine - INFO - Epoch(train)   [2][380/512]  lr: 1.0000e-02  eta: 1:48:29  time: 0.0844  data_time: 0.0066  memory: 1492  loss: 5.3232  loss_cls: 3.9190  loss_bbox: 1.4042
2023/06/22 05:33:50 - mmengine - INFO - Epoch(train)   [2][390/512]  lr: 1.0000e-02  eta: 1:48:25  time: 0.0843  data_time: 0.0066  memory: 1492  loss: 5.3771  loss_cls: 3.9645  loss_bbox: 1.4126
2023/06/22 05:33:51 - mmengine - INFO - Epoch(train)   [2][400/512]  lr: 1.0000e-02  eta: 1:48:23  time: 0.0844  data_time: 0.0069  memory: 1492  loss: 5.4612  loss_cls: 4.0093  loss_bbox: 1.4519
2023/06/22 05:33:52 - mmengine - INFO - Epoch(train)   [2][410/512]  lr: 1.0000e-02  eta: 1:48:21  time: 0.0844  data_time: 0.0069  memory: 1492  loss: 5.4909  loss_cls: 4.0172  loss_bbox: 1.4737
2023/06/22 05:33:53 - mmengine - INFO - Epoch(train)   [2][420/512]  lr: 1.0000e-02  eta: 1:48:17  time: 0.0834  data_time: 0.0068  memory: 1492  loss: 5.3829  loss_cls: 3.9497  loss_bbox: 1.4332
2023/06/22 05:33:54 - mmengine - INFO - Epoch(train)   [2][430/512]  lr: 1.0000e-02  eta: 1:48:15  time: 0.0833  data_time: 0.0069  memory: 1492  loss: 5.5856  loss_cls: 4.0816  loss_bbox: 1.5040
2023/06/22 05:33:55 - mmengine - INFO - Epoch(train)   [2][440/512]  lr: 1.0000e-02  eta: 1:48:13  time: 0.0838  data_time: 0.0071  memory: 1492  loss: 5.7150  loss_cls: 4.1323  loss_bbox: 1.5827
2023/06/22 05:33:55 - mmengine - INFO - Epoch(train)   [2][450/512]  lr: 1.0000e-02  eta: 1:48:10  time: 0.0834  data_time: 0.0070  memory: 1492  loss: 5.5842  loss_cls: 4.0331  loss_bbox: 1.5512
2023/06/22 05:33:56 - mmengine - INFO - Epoch(train)   [2][460/512]  lr: 1.0000e-02  eta: 1:48:07  time: 0.0833  data_time: 0.0071  memory: 1492  loss: 5.5273  loss_cls: 3.9679  loss_bbox: 1.5594
2023/06/22 05:33:57 - mmengine - INFO - Epoch(train)   [2][470/512]  lr: 1.0000e-02  eta: 1:48:06  time: 0.0838  data_time: 0.0076  memory: 1492  loss: 5.5671  loss_cls: 4.0057  loss_bbox: 1.5614
2023/06/22 05:33:58 - mmengine - INFO - Epoch(train)   [2][480/512]  lr: 1.0000e-02  eta: 1:48:00  time: 0.0829  data_time: 0.0073  memory: 1492  loss: 5.4961  loss_cls: 3.9629  loss_bbox: 1.5332
2023/06/22 05:33:59 - mmengine - INFO - Exp name: ssd_4_20230622_053212
2023/06/22 05:33:59 - mmengine - INFO - Epoch(train)   [2][490/512]  lr: 1.0000e-02  eta: 1:47:55  time: 0.0819  data_time: 0.0073  memory: 1492  loss: 5.3771  loss_cls: 3.8916  loss_bbox: 1.4856
2023/06/22 05:33:59 - mmengine - INFO - Epoch(train)   [2][500/512]  lr: 1.0000e-02  eta: 1:47:50  time: 0.0813  data_time: 0.0072  memory: 1492  loss: 5.4243  loss_cls: 3.9387  loss_bbox: 1.4856
2023/06/22 05:34:00 - mmengine - INFO - Epoch(train)   [2][510/512]  lr: 1.0000e-02  eta: 1:47:45  time: 0.0806  data_time: 0.0072  memory: 1492  loss: 5.4320  loss_cls: 3.9583  loss_bbox: 1.4737
2023/06/22 05:34:00 - mmengine - INFO - Exp name: ssd_4_20230622_053212
2023/06/22 05:34:02 - mmengine - INFO - Epoch(val)   [2][10/65]    eta: 0:00:05  time: 0.0582  data_time: 0.0177  memory: 1492  
2023/06/22 05:34:02 - mmengine - INFO - Epoch(val)   [2][20/65]    eta: 0:00:03  time: 0.0576  data_time: 0.0174  memory: 834  
2023/06/22 05:34:03 - mmengine - INFO - Epoch(val)   [2][30/65]    eta: 0:00:02  time: 0.0579  data_time: 0.0176  memory: 834  
2023/06/22 05:34:03 - mmengine - INFO - Epoch(val)   [2][40/65]    eta: 0:00:01  time: 0.0579  data_time: 0.0176  memory: 834  
2023/06/22 05:34:03 - mmengine - INFO - Epoch(val)   [2][50/65]    eta: 0:00:00  time: 0.0583  data_time: 0.0177  memory: 834  
2023/06/22 05:34:04 - mmengine - INFO - Epoch(val)   [2][60/65]    eta: 0:00:00  time: 0.0460  data_time: 0.0055  memory: 834  
2023/06/22 05:34:05 - mmengine - INFO - Evaluating bbox...
2023/06/22 05:34:10 - mmengine - INFO - bbox_mAP_copypaste: 0.111 0.205 0.120 0.000 0.067 0.108
2023/06/22 05:34:10 - mmengine - INFO - Epoch(val) [2][65/65]    coco/bbox_mAP: 0.1110  coco/bbox_mAP_50: 0.2050  coco/bbox_mAP_75: 0.1200  coco/bbox_mAP_s: 0.0000  coco/bbox_mAP_m: 0.0670  coco/bbox_mAP_l: 0.1080  data_time: 0.0147  time: 0.0544
2023/06/22 05:34:10 - mmengine - INFO - The previous best checkpoint /home/computervision_zl/Documents/ssd/work_dirs/ssd_4/best_coco_bbox_mAP_epoch_1.pth is removed
2023/06/22 05:34:11 - mmengine - INFO - The best checkpoint with 0.1110 coco/bbox_mAP at 2 epoch is saved to best_coco_bbox_mAP_epoch_2.pth.
2023/06/22 05:34:13 - mmengine - INFO - Epoch(train)   [3][ 10/512]  lr: 1.0000e-02  eta: 1:48:47  time: 0.0982  data_time: 0.0237  memory: 1492  loss: 5.4141  loss_cls: 3.9128  loss_bbox: 1.5013
2023/06/22 05:34:14 - mmengine - INFO - Epoch(train)   [3][ 20/512]  lr: 1.0000e-02  eta: 1:48:42  time: 0.0985  data_time: 0.0234  memory: 1492  loss: 5.2623  loss_cls: 3.8330  loss_bbox: 1.4292
2023/06/22 05:34:14 - mmengine - INFO - Epoch(train)   [3][ 30/512]  lr: 1.0000e-02  eta: 1:48:38  time: 0.0988  data_time: 0.0229  memory: 1492  loss: 5.2054  loss_cls: 3.7760  loss_bbox: 1.4294
2023/06/22 05:34:15 - mmengine - INFO - Epoch(train)   [3][ 40/512]  lr: 1.0000e-02  eta: 1:48:36  time: 0.0996  data_time: 0.0230  memory: 1492  loss: 5.1710  loss_cls: 3.7534  loss_bbox: 1.4175
2023/06/22 05:34:16 - mmengine - INFO - Epoch(train)   [3][ 50/512]  lr: 1.0000e-02  eta: 1:48:32  time: 0.1002  data_time: 0.0228  memory: 1492  loss: 5.1922  loss_cls: 3.7786  loss_bbox: 1.4137
2023/06/22 05:34:17 - mmengine - INFO - Epoch(train)   [3][ 60/512]  lr: 1.0000e-02  eta: 1:48:29  time: 0.0821  data_time: 0.0061  memory: 1492  loss: 5.1986  loss_cls: 3.7811  loss_bbox: 1.4175
2023/06/22 05:34:18 - mmengine - INFO - Epoch(train)   [3][ 70/512]  lr: 1.0000e-02  eta: 1:48:24  time: 0.0820  data_time: 0.0064  memory: 1492  loss: 5.2024  loss_cls: 3.7950  loss_bbox: 1.4074
2023/06/22 05:34:18 - mmengine - INFO - Epoch(train)   [3][ 80/512]  lr: 1.0000e-02  eta: 1:48:19  time: 0.0818  data_time: 0.0067  memory: 1492  loss: 5.0944  loss_cls: 3.7252  loss_bbox: 1.3692
2023/06/22 05:34:19 - mmengine - INFO - Epoch(train)   [3][ 90/512]  lr: 1.0000e-02  eta: 1:48:15  time: 0.0811  data_time: 0.0067  memory: 1492  loss: 5.0822  loss_cls: 3.7050  loss_bbox: 1.3773
2023/06/22 05:34:20 - mmengine - INFO - Epoch(train)   [3][100/512]  lr: 1.0000e-02  eta: 1:48:10  time: 0.0807  data_time: 0.0068  memory: 1492  loss: 5.0178  loss_cls: 3.6666  loss_bbox: 1.3512
2023/06/22 05:34:21 - mmengine - INFO - Epoch(train)   [3][110/512]  lr: 1.0000e-02  eta: 1:48:05  time: 0.0803  data_time: 0.0070  memory: 1492  loss: 5.0580  loss_cls: 3.7059  loss_bbox: 1.3521
2023/06/22 05:34:22 - mmengine - INFO - Epoch(train)   [3][120/512]  lr: 1.0000e-02  eta: 1:48:00  time: 0.0799  data_time: 0.0069  memory: 1492  loss: 5.1453  loss_cls: 3.7502  loss_bbox: 1.3952
2023/06/22 05:34:22 - mmengine - INFO - Epoch(train)   [3][130/512]  lr: 1.0000e-02  eta: 1:47:55  time: 0.0799  data_time: 0.0068  memory: 1492  loss: 5.2568  loss_cls: 3.8127  loss_bbox: 1.4441
2023/06/22 05:34:23 - mmengine - INFO - Epoch(train)   [3][140/512]  lr: 1.0000e-02  eta: 1:47:51  time: 0.0798  data_time: 0.0066  memory: 1492  loss: 5.2888  loss_cls: 3.8507  loss_bbox: 1.4381
2023/06/22 05:34:24 - mmengine - INFO - Epoch(train)   [3][150/512]  lr: 1.0000e-02  eta: 1:47:47  time: 0.0800  data_time: 0.0067  memory: 1492  loss: 5.3628  loss_cls: 3.8859  loss_bbox: 1.4769
2023/06/22 05:34:25 - mmengine - INFO - Epoch(train)   [3][160/512]  lr: 1.0000e-02  eta: 1:47:43  time: 0.0802  data_time: 0.0068  memory: 1492  loss: 5.3277  loss_cls: 3.8449  loss_bbox: 1.4828
2023/06/22 05:34:26 - mmengine - INFO - Epoch(train)   [3][170/512]  lr: 1.0000e-02  eta: 1:47:40  time: 0.0807  data_time: 0.0070  memory: 1492  loss: 5.2086  loss_cls: 3.7613  loss_bbox: 1.4473
2023/06/22 05:34:26 - mmengine - INFO - Epoch(train)   [3][180/512]  lr: 1.0000e-02  eta: 1:47:38  time: 0.0814  data_time: 0.0071  memory: 1492  loss: 5.1978  loss_cls: 3.7940  loss_bbox: 1.4038
2023/06/22 05:34:27 - mmengine - INFO - Epoch(train)   [3][190/512]  lr: 1.0000e-02  eta: 1:47:35  time: 0.0819  data_time: 0.0072  memory: 1492  loss: 5.0995  loss_cls: 3.7215  loss_bbox: 1.3779
2023/06/22 05:34:28 - mmengine - INFO - Epoch(train)   [3][200/512]  lr: 1.0000e-02  eta: 1:47:34  time: 0.0827  data_time: 0.0073  memory: 1492  loss: 5.0713  loss_cls: 3.7120  loss_bbox: 1.3594
2023/06/22 05:34:29 - mmengine - INFO - Epoch(train)   [3][210/512]  lr: 1.0000e-02  eta: 1:47:33  time: 0.0834  data_time: 0.0073  memory: 1492  loss: 5.1621  loss_cls: 3.7755  loss_bbox: 1.3866
2023/06/22 05:34:30 - mmengine - INFO - Epoch(train)   [3][220/512]  lr: 1.0000e-02  eta: 1:47:30  time: 0.0836  data_time: 0.0068  memory: 1492  loss: 5.2842  loss_cls: 3.8853  loss_bbox: 1.3989
2023/06/22 05:34:31 - mmengine - INFO - Epoch(train)   [3][230/512]  lr: 1.0000e-02  eta: 1:47:29  time: 0.0838  data_time: 0.0069  memory: 1492  loss: 5.4039  loss_cls: 3.9376  loss_bbox: 1.4663
2023/06/22 05:34:32 - mmengine - INFO - Epoch(train)   [3][240/512]  lr: 1.0000e-02  eta: 1:47:28  time: 0.0844  data_time: 0.0074  memory: 1492  loss: 5.4622  loss_cls: 3.9672  loss_bbox: 1.4950
2023/06/22 05:34:33 - mmengine - INFO - Epoch(train)   [3][250/512]  lr: 1.0000e-02  eta: 1:47:37  time: 0.0881  data_time: 0.0111  memory: 1492  loss: 5.5361  loss_cls: 4.0085  loss_bbox: 1.5276
2023/06/22 05:34:33 - mmengine - INFO - Epoch(train)   [3][260/512]  lr: 1.0000e-02  eta: 1:47:36  time: 0.0878  data_time: 0.0109  memory: 1492  loss: 5.3947  loss_cls: 3.9163  loss_bbox: 1.4784
2023/06/22 05:34:34 - mmengine - INFO - Epoch(train)   [3][270/512]  lr: 1.0000e-02  eta: 1:47:34  time: 0.0884  data_time: 0.0114  memory: 1492  loss: 5.3671  loss_cls: 3.8973  loss_bbox: 1.4698
2023/06/22 05:34:35 - mmengine - INFO - Epoch(train)   [3][280/512]  lr: 1.0000e-02  eta: 1:47:32  time: 0.0879  data_time: 0.0110  memory: 1492  loss: 5.3348  loss_cls: 3.8925  loss_bbox: 1.4423
2023/06/22 05:34:36 - mmengine - INFO - Epoch(train)   [3][290/512]  lr: 1.0000e-02  eta: 1:47:30  time: 0.0876  data_time: 0.0106  memory: 1492  loss: 5.3546  loss_cls: 3.8943  loss_bbox: 1.4602
2023/06/22 05:34:37 - mmengine - INFO - Epoch(train)   [3][300/512]  lr: 1.0000e-02  eta: 1:47:28  time: 0.0835  data_time: 0.0067  memory: 1492  loss: 5.2818  loss_cls: 3.8361  loss_bbox: 1.4457
2023/06/22 05:34:38 - mmengine - INFO - Epoch(train)   [3][310/512]  lr: 1.0000e-02  eta: 1:47:26  time: 0.0835  data_time: 0.0068  memory: 1492  loss: 5.3038  loss_cls: 3.8431  loss_bbox: 1.4607
2023/06/22 05:34:38 - mmengine - INFO - Epoch(train)   [3][320/512]  lr: 1.0000e-02  eta: 1:47:24  time: 0.0833  data_time: 0.0067  memory: 1492  loss: 5.3018  loss_cls: 3.8276  loss_bbox: 1.4741
2023/06/22 05:34:39 - mmengine - INFO - Epoch(train)   [3][330/512]  lr: 1.0000e-02  eta: 1:47:23  time: 0.0840  data_time: 0.0071  memory: 1492  loss: 5.2391  loss_cls: 3.7949  loss_bbox: 1.4442
2023/06/22 05:34:40 - mmengine - INFO - Epoch(train)   [3][340/512]  lr: 1.0000e-02  eta: 1:47:22  time: 0.0841  data_time: 0.0074  memory: 1492  loss: 5.2497  loss_cls: 3.8192  loss_bbox: 1.4304
2023/06/22 05:34:41 - mmengine - INFO - Epoch(train)   [3][350/512]  lr: 1.0000e-02  eta: 1:47:20  time: 0.0842  data_time: 0.0074  memory: 1492  loss: 5.2556  loss_cls: 3.8416  loss_bbox: 1.4140
2023/06/22 05:34:42 - mmengine - INFO - Epoch(train)   [3][360/512]  lr: 1.0000e-02  eta: 1:47:16  time: 0.0834  data_time: 0.0070  memory: 1492  loss: 5.2837  loss_cls: 3.8817  loss_bbox: 1.4021
2023/06/22 05:34:43 - mmengine - INFO - Epoch(train)   [3][370/512]  lr: 1.0000e-02  eta: 1:47:14  time: 0.0833  data_time: 0.0068  memory: 1492  loss: 5.2911  loss_cls: 3.8923  loss_bbox: 1.3989
2023/06/22 05:34:43 - mmengine - INFO - Epoch(train)   [3][380/512]  lr: 1.0000e-02  eta: 1:47:13  time: 0.0831  data_time: 0.0066  memory: 1492  loss: 5.1875  loss_cls: 3.8178  loss_bbox: 1.3696
2023/06/22 05:34:44 - mmengine - INFO - Epoch(train)   [3][390/512]  lr: 1.0000e-02  eta: 1:47:11  time: 0.0828  data_time: 0.0062  memory: 1492  loss: 5.1845  loss_cls: 3.8231  loss_bbox: 1.3614
2023/06/22 05:34:45 - mmengine - INFO - Epoch(train)   [3][400/512]  lr: 1.0000e-02  eta: 1:47:09  time: 0.0829  data_time: 0.0062  memory: 1492  loss: 5.1867  loss_cls: 3.8244  loss_bbox: 1.3623
2023/06/22 05:34:46 - mmengine - INFO - Epoch(train)   [3][410/512]  lr: 1.0000e-02  eta: 1:47:07  time: 0.0835  data_time: 0.0066  memory: 1492  loss: 5.1209  loss_cls: 3.7559  loss_bbox: 1.3650
2023/06/22 05:34:47 - mmengine - INFO - Epoch(train)   [3][420/512]  lr: 1.0000e-02  eta: 1:47:05  time: 0.0833  data_time: 0.0066  memory: 1492  loss: 4.9871  loss_cls: 3.6647  loss_bbox: 1.3225
2023/06/22 05:34:48 - mmengine - INFO - Epoch(train)   [3][430/512]  lr: 1.0000e-02  eta: 1:47:03  time: 0.0833  data_time: 0.0066  memory: 1492  loss: 5.0737  loss_cls: 3.7176  loss_bbox: 1.3561
2023/06/22 05:34:48 - mmengine - INFO - Epoch(train)   [3][440/512]  lr: 1.0000e-02  eta: 1:47:02  time: 0.0836  data_time: 0.0069  memory: 1492  loss: 4.9566  loss_cls: 3.6228  loss_bbox: 1.3339
2023/06/22 05:34:49 - mmengine - INFO - Epoch(train)   [3][450/512]  lr: 1.0000e-02  eta: 1:47:00  time: 0.0836  data_time: 0.0070  memory: 1492  loss: 4.8991  loss_cls: 3.5792  loss_bbox: 1.3199
2023/06/22 05:34:50 - mmengine - INFO - Epoch(train)   [3][460/512]  lr: 1.0000e-02  eta: 1:46:58  time: 0.0836  data_time: 0.0068  memory: 1492  loss: 4.8099  loss_cls: 3.5424  loss_bbox: 1.2675
2023/06/22 05:34:51 - mmengine - INFO - Epoch(train)   [3][470/512]  lr: 1.0000e-02  eta: 1:46:56  time: 0.0837  data_time: 0.0069  memory: 1492  loss: 4.8824  loss_cls: 3.6123  loss_bbox: 1.2701
2023/06/22 05:34:52 - mmengine - INFO - Epoch(train)   [3][480/512]  lr: 1.0000e-02  eta: 1:46:54  time: 0.0834  data_time: 0.0067  memory: 1492  loss: 4.7777  loss_cls: 3.5408  loss_bbox: 1.2369
2023/06/22 05:34:53 - mmengine - INFO - Epoch(train)   [3][490/512]  lr: 1.0000e-02  eta: 1:46:52  time: 0.0831  data_time: 0.0065  memory: 1492  loss: 4.8639  loss_cls: 3.5928  loss_bbox: 1.2711
2023/06/22 05:34:53 - mmengine - INFO - Epoch(train)   [3][500/512]  lr: 1.0000e-02  eta: 1:46:51  time: 0.0832  data_time: 0.0066  memory: 1492  loss: 4.8438  loss_cls: 3.5541  loss_bbox: 1.2897
2023/06/22 05:34:54 - mmengine - INFO - Epoch(train)   [3][510/512]  lr: 1.0000e-02  eta: 1:46:49  time: 0.0833  data_time: 0.0067  memory: 1492  loss: 4.8945  loss_cls: 3.5816  loss_bbox: 1.3129
2023/06/22 05:34:54 - mmengine - INFO - Exp name: ssd_4_20230622_053212
2023/06/22 05:34:56 - mmengine - INFO - Epoch(val)   [3][10/65]    eta: 0:00:05  time: 0.0579  data_time: 0.0179  memory: 1492  
2023/06/22 05:34:56 - mmengine - INFO - Epoch(val)   [3][20/65]    eta: 0:00:03  time: 0.0577  data_time: 0.0174  memory: 834  
2023/06/22 05:34:57 - mmengine - INFO - Epoch(val)   [3][30/65]    eta: 0:00:02  time: 0.0575  data_time: 0.0173  memory: 834  
2023/06/22 05:34:57 - mmengine - INFO - Epoch(val)   [3][40/65]    eta: 0:00:01  time: 0.0576  data_time: 0.0172  memory: 834  
2023/06/22 05:34:57 - mmengine - INFO - Epoch(val)   [3][50/65]    eta: 0:00:00  time: 0.0582  data_time: 0.0173  memory: 834  
2023/06/22 05:34:58 - mmengine - INFO - Epoch(val)   [3][60/65]    eta: 0:00:00  time: 0.0458  data_time: 0.0052  memory: 834  
2023/06/22 05:34:59 - mmengine - INFO - Evaluating bbox...
2023/06/22 05:35:04 - mmengine - INFO - bbox_mAP_copypaste: 0.141 0.251 0.138 0.001 0.087 0.132
2023/06/22 05:35:04 - mmengine - INFO - Epoch(val) [3][65/65]    coco/bbox_mAP: 0.1410  coco/bbox_mAP_50: 0.2510  coco/bbox_mAP_75: 0.1380  coco/bbox_mAP_s: 0.0010  coco/bbox_mAP_m: 0.0870  coco/bbox_mAP_l: 0.1320  data_time: 0.0143  time: 0.0541
2023/06/22 05:35:04 - mmengine - INFO - The previous best checkpoint /home/computervision_zl/Documents/ssd/work_dirs/ssd_4/best_coco_bbox_mAP_epoch_2.pth is removed
2023/06/22 05:35:05 - mmengine - INFO - The best checkpoint with 0.1410 coco/bbox_mAP at 3 epoch is saved to best_coco_bbox_mAP_epoch_3.pth.
2023/06/22 05:35:07 - mmengine - INFO - Epoch(train)   [4][ 10/512]  lr: 1.0000e-02  eta: 1:47:30  time: 0.1007  data_time: 0.0235  memory: 1492  loss: 4.8520  loss_cls: 3.5208  loss_bbox: 1.3312
2023/06/22 05:35:08 - mmengine - INFO - Epoch(train)   [4][ 20/512]  lr: 1.0000e-02  eta: 1:47:25  time: 0.0994  data_time: 0.0231  memory: 1492  loss: 5.0978  loss_cls: 3.6705  loss_bbox: 1.4273
2023/06/22 05:35:08 - mmengine - INFO - Epoch(train)   [4][ 30/512]  lr: 1.0000e-02  eta: 1:47:21  time: 0.0988  data_time: 0.0230  memory: 1492  loss: 5.1066  loss_cls: 3.6981  loss_bbox: 1.4085
2023/06/22 05:35:09 - mmengine - INFO - Epoch(train)   [4][ 40/512]  lr: 1.0000e-02  eta: 1:47:17  time: 0.0982  data_time: 0.0231  memory: 1492  loss: 5.1452  loss_cls: 3.7352  loss_bbox: 1.4100
2023/06/22 05:35:10 - mmengine - INFO - Epoch(train)   [4][ 50/512]  lr: 1.0000e-02  eta: 1:47:14  time: 0.0978  data_time: 0.0233  memory: 1492  loss: 5.2805  loss_cls: 3.8146  loss_bbox: 1.4659
2023/06/22 05:35:11 - mmengine - INFO - Epoch(train)   [4][ 60/512]  lr: 1.0000e-02  eta: 1:47:11  time: 0.0794  data_time: 0.0064  memory: 1492  loss: 5.2082  loss_cls: 3.7813  loss_bbox: 1.4268
2023/06/22 05:35:12 - mmengine - INFO - Epoch(train)   [4][ 70/512]  lr: 1.0000e-02  eta: 1:47:08  time: 0.0802  data_time: 0.0072  memory: 1492  loss: 5.1732  loss_cls: 3.7666  loss_bbox: 1.4066
2023/06/22 05:35:12 - mmengine - INFO - Epoch(train)   [4][ 80/512]  lr: 1.0000e-02  eta: 1:47:04  time: 0.0800  data_time: 0.0071  memory: 1492  loss: 5.1581  loss_cls: 3.7465  loss_bbox: 1.4116
2023/06/22 05:35:13 - mmengine - INFO - Epoch(train)   [4][ 90/512]  lr: 1.0000e-02  eta: 1:47:01  time: 0.0803  data_time: 0.0072  memory: 1492  loss: 5.2796  loss_cls: 3.8021  loss_bbox: 1.4775
2023/06/22 05:35:14 - mmengine - INFO - Epoch(train)   [4][100/512]  lr: 1.0000e-02  eta: 1:46:58  time: 0.0803  data_time: 0.0073  memory: 1492  loss: 5.2673  loss_cls: 3.8075  loss_bbox: 1.4598
2023/06/22 05:35:15 - mmengine - INFO - Epoch(train)   [4][110/512]  lr: 1.0000e-02  eta: 1:46:55  time: 0.0806  data_time: 0.0074  memory: 1492  loss: 5.3694  loss_cls: 3.8622  loss_bbox: 1.5072
2023/06/22 05:35:16 - mmengine - INFO - Epoch(train)   [4][120/512]  lr: 1.0000e-02  eta: 1:46:54  time: 0.0813  data_time: 0.0074  memory: 1492  loss: 5.4124  loss_cls: 3.8614  loss_bbox: 1.5510
2023/06/22 05:35:17 - mmengine - INFO - Epoch(train)   [4][130/512]  lr: 1.0000e-02  eta: 1:46:52  time: 0.0824  data_time: 0.0076  memory: 1492  loss: 5.4513  loss_cls: 3.9092  loss_bbox: 1.5421
2023/06/22 05:35:17 - mmengine - INFO - Epoch(train)   [4][140/512]  lr: 1.0000e-02  eta: 1:46:50  time: 0.0825  data_time: 0.0071  memory: 1492  loss: 5.3186  loss_cls: 3.8456  loss_bbox: 1.4730
2023/06/22 05:35:18 - mmengine - INFO - Epoch(train)   [4][150/512]  lr: 1.0000e-02  eta: 1:46:49  time: 0.0832  data_time: 0.0070  memory: 1492  loss: 5.1984  loss_cls: 3.7288  loss_bbox: 1.4697
2023/06/22 05:35:19 - mmengine - INFO - Epoch(train)   [4][160/512]  lr: 1.0000e-02  eta: 1:46:47  time: 0.0834  data_time: 0.0067  memory: 1492  loss: 5.1056  loss_cls: 3.6622  loss_bbox: 1.4434
2023/06/22 05:35:20 - mmengine - INFO - Epoch(train)   [4][170/512]  lr: 1.0000e-02  eta: 1:46:45  time: 0.0832  data_time: 0.0065  memory: 1492  loss: 4.9883  loss_cls: 3.6184  loss_bbox: 1.3699
2023/06/22 05:35:21 - mmengine - INFO - Epoch(train)   [4][180/512]  lr: 1.0000e-02  eta: 1:46:43  time: 0.0830  data_time: 0.0063  memory: 1492  loss: 4.8527  loss_cls: 3.5134  loss_bbox: 1.3393
2023/06/22 05:35:22 - mmengine - INFO - Epoch(train)   [4][190/512]  lr: 1.0000e-02  eta: 1:46:42  time: 0.0834  data_time: 0.0067  memory: 1492  loss: 4.7775  loss_cls: 3.4721  loss_bbox: 1.3054
2023/06/22 05:35:22 - mmengine - INFO - Epoch(train)   [4][200/512]  lr: 1.0000e-02  eta: 1:46:40  time: 0.0834  data_time: 0.0068  memory: 1492  loss: 4.7644  loss_cls: 3.4961  loss_bbox: 1.2683
2023/06/22 05:35:23 - mmengine - INFO - Epoch(train)   [4][210/512]  lr: 1.0000e-02  eta: 1:46:38  time: 0.0835  data_time: 0.0067  memory: 1492  loss: 4.7303  loss_cls: 3.4954  loss_bbox: 1.2349
2023/06/22 05:35:24 - mmengine - INFO - Epoch(train)   [4][220/512]  lr: 1.0000e-02  eta: 1:46:37  time: 0.0835  data_time: 0.0067  memory: 1492  loss: 4.7122  loss_cls: 3.4836  loss_bbox: 1.2287
2023/06/22 05:35:25 - mmengine - INFO - Epoch(train)   [4][230/512]  lr: 1.0000e-02  eta: 1:46:36  time: 0.0840  data_time: 0.0070  memory: 1492  loss: 4.7463  loss_cls: 3.5151  loss_bbox: 1.2312
2023/06/22 05:35:26 - mmengine - INFO - Epoch(train)   [4][240/512]  lr: 1.0000e-02  eta: 1:46:35  time: 0.0842  data_time: 0.0069  memory: 1492  loss: 4.8963  loss_cls: 3.5978  loss_bbox: 1.2985
2023/06/22 05:35:27 - mmengine - INFO - Epoch(train)   [4][250/512]  lr: 1.0000e-02  eta: 1:46:34  time: 0.0845  data_time: 0.0069  memory: 1492  loss: 4.9063  loss_cls: 3.5928  loss_bbox: 1.3135
2023/06/22 05:35:27 - mmengine - INFO - Epoch(train)   [4][260/512]  lr: 1.0000e-02  eta: 1:46:32  time: 0.0842  data_time: 0.0068  memory: 1492  loss: 5.0236  loss_cls: 3.6657  loss_bbox: 1.3580
2023/06/22 05:35:28 - mmengine - INFO - Epoch(train)   [4][270/512]  lr: 1.0000e-02  eta: 1:46:30  time: 0.0843  data_time: 0.0068  memory: 1492  loss: 4.9947  loss_cls: 3.6472  loss_bbox: 1.3475
2023/06/22 05:35:29 - mmengine - INFO - Epoch(train)   [4][280/512]  lr: 1.0000e-02  eta: 1:46:29  time: 0.0837  data_time: 0.0066  memory: 1492  loss: 4.9890  loss_cls: 3.6280  loss_bbox: 1.3610
2023/06/22 05:35:30 - mmengine - INFO - Epoch(train)   [4][290/512]  lr: 1.0000e-02  eta: 1:46:27  time: 0.0833  data_time: 0.0064  memory: 1492  loss: 4.9323  loss_cls: 3.6238  loss_bbox: 1.3086
2023/06/22 05:35:31 - mmengine - INFO - Epoch(train)   [4][300/512]  lr: 1.0000e-02  eta: 1:46:25  time: 0.0831  data_time: 0.0064  memory: 1492  loss: 5.0561  loss_cls: 3.6918  loss_bbox: 1.3643
2023/06/22 05:35:32 - mmengine - INFO - Epoch(train)   [4][310/512]  lr: 1.0000e-02  eta: 1:46:24  time: 0.0835  data_time: 0.0067  memory: 1492  loss: 4.8618  loss_cls: 3.5605  loss_bbox: 1.3013
2023/06/22 05:35:32 - mmengine - INFO - Epoch(train)   [4][320/512]  lr: 1.0000e-02  eta: 1:46:23  time: 0.0837  data_time: 0.0068  memory: 1492  loss: 4.9425  loss_cls: 3.5961  loss_bbox: 1.3464
2023/06/22 05:35:33 - mmengine - INFO - Epoch(train)   [4][330/512]  lr: 1.0000e-02  eta: 1:46:21  time: 0.0837  data_time: 0.0067  memory: 1492  loss: 4.9271  loss_cls: 3.5866  loss_bbox: 1.3404
2023/06/22 05:35:34 - mmengine - INFO - Epoch(train)   [4][340/512]  lr: 1.0000e-02  eta: 1:46:20  time: 0.0842  data_time: 0.0071  memory: 1492  loss: 4.9328  loss_cls: 3.5425  loss_bbox: 1.3902
2023/06/22 05:35:35 - mmengine - INFO - Epoch(train)   [4][350/512]  lr: 1.0000e-02  eta: 1:46:19  time: 0.0840  data_time: 0.0071  memory: 1492  loss: 4.7375  loss_cls: 3.4273  loss_bbox: 1.3102
2023/06/22 05:35:36 - mmengine - INFO - Epoch(train)   [4][360/512]  lr: 1.0000e-02  eta: 1:46:18  time: 0.0841  data_time: 0.0072  memory: 1492  loss: 4.8096  loss_cls: 3.4822  loss_bbox: 1.3275
2023/06/22 05:35:37 - mmengine - INFO - Epoch(train)   [4][370/512]  lr: 1.0000e-02  eta: 1:46:17  time: 0.0841  data_time: 0.0072  memory: 1492  loss: 4.8223  loss_cls: 3.4922  loss_bbox: 1.3301
2023/06/22 05:35:38 - mmengine - INFO - Epoch(train)   [4][380/512]  lr: 1.0000e-02  eta: 1:46:16  time: 0.0845  data_time: 0.0072  memory: 1492  loss: 4.9137  loss_cls: 3.5511  loss_bbox: 1.3625
2023/06/22 05:35:38 - mmengine - INFO - Epoch(train)   [4][390/512]  lr: 1.0000e-02  eta: 1:46:14  time: 0.0842  data_time: 0.0070  memory: 1492  loss: 4.8959  loss_cls: 3.5611  loss_bbox: 1.3348
2023/06/22 05:35:39 - mmengine - INFO - Epoch(train)   [4][400/512]  lr: 1.0000e-02  eta: 1:46:14  time: 0.0846  data_time: 0.0073  memory: 1492  loss: 5.0345  loss_cls: 3.6440  loss_bbox: 1.3905
2023/06/22 05:35:40 - mmengine - INFO - Epoch(train)   [4][410/512]  lr: 1.0000e-02  eta: 1:46:12  time: 0.0845  data_time: 0.0072  memory: 1492  loss: 5.0881  loss_cls: 3.6815  loss_bbox: 1.4066
2023/06/22 05:35:41 - mmengine - INFO - Epoch(train)   [4][420/512]  lr: 1.0000e-02  eta: 1:46:11  time: 0.0844  data_time: 0.0070  memory: 1492  loss: 5.2048  loss_cls: 3.7447  loss_bbox: 1.4601
2023/06/22 05:35:42 - mmengine - INFO - Epoch(train)   [4][430/512]  lr: 1.0000e-02  eta: 1:46:10  time: 0.0843  data_time: 0.0072  memory: 1492  loss: 5.1886  loss_cls: 3.7420  loss_bbox: 1.4466
2023/06/22 05:35:43 - mmengine - INFO - Epoch(train)   [4][440/512]  lr: 1.0000e-02  eta: 1:46:08  time: 0.0839  data_time: 0.0070  memory: 1492  loss: 5.1341  loss_cls: 3.7225  loss_bbox: 1.4115
2023/06/22 05:35:43 - mmengine - INFO - Epoch(train)   [4][450/512]  lr: 1.0000e-02  eta: 1:46:06  time: 0.0833  data_time: 0.0067  memory: 1492  loss: 5.1573  loss_cls: 3.7637  loss_bbox: 1.3935
2023/06/22 05:35:44 - mmengine - INFO - Epoch(train)   [4][460/512]  lr: 1.0000e-02  eta: 1:46:04  time: 0.0833  data_time: 0.0065  memory: 1492  loss: 5.0540  loss_cls: 3.6892  loss_bbox: 1.3648
2023/06/22 05:35:45 - mmengine - INFO - Exp name: ssd_4_20230622_053212
2023/06/22 05:35:45 - mmengine - INFO - Epoch(train)   [4][470/512]  lr: 1.0000e-02  eta: 1:46:03  time: 0.0832  data_time: 0.0066  memory: 1492  loss: 4.8631  loss_cls: 3.5783  loss_bbox: 1.2848
2023/06/22 05:35:46 - mmengine - INFO - Epoch(train)   [4][480/512]  lr: 1.0000e-02  eta: 1:46:01  time: 0.0828  data_time: 0.0064  memory: 1492  loss: 4.7928  loss_cls: 3.5230  loss_bbox: 1.2698
2023/06/22 05:35:47 - mmengine - INFO - Epoch(train)   [4][490/512]  lr: 1.0000e-02  eta: 1:46:00  time: 0.0831  data_time: 0.0067  memory: 1492  loss: 4.7856  loss_cls: 3.5021  loss_bbox: 1.2836
2023/06/22 05:35:48 - mmengine - INFO - Epoch(train)   [4][500/512]  lr: 1.0000e-02  eta: 1:45:58  time: 0.0832  data_time: 0.0068  memory: 1492  loss: 4.6796  loss_cls: 3.4275  loss_bbox: 1.2521
2023/06/22 05:35:48 - mmengine - INFO - Epoch(train)   [4][510/512]  lr: 1.0000e-02  eta: 1:45:57  time: 0.0832  data_time: 0.0070  memory: 1492  loss: 4.7238  loss_cls: 3.4487  loss_bbox: 1.2751
2023/06/22 05:35:49 - mmengine - INFO - Exp name: ssd_4_20230622_053212
2023/06/22 05:35:50 - mmengine - INFO - Epoch(val)   [4][10/65]    eta: 0:00:06  time: 0.0582  data_time: 0.0184  memory: 1492  
2023/06/22 05:35:50 - mmengine - INFO - Epoch(val)   [4][20/65]    eta: 0:00:03  time: 0.0576  data_time: 0.0180  memory: 834  
2023/06/22 05:35:51 - mmengine - INFO - Epoch(val)   [4][30/65]    eta: 0:00:02  time: 0.0578  data_time: 0.0181  memory: 834  
2023/06/22 05:35:51 - mmengine - INFO - Epoch(val)   [4][40/65]    eta: 0:00:01  time: 0.0582  data_time: 0.0183  memory: 834  
2023/06/22 05:35:52 - mmengine - INFO - Epoch(val)   [4][50/65]    eta: 0:00:00  time: 0.0592  data_time: 0.0186  memory: 834  
2023/06/22 05:35:52 - mmengine - INFO - Epoch(val)   [4][60/65]    eta: 0:00:00  time: 0.0462  data_time: 0.0057  memory: 834  
2023/06/22 05:35:54 - mmengine - INFO - Evaluating bbox...
2023/06/22 05:35:58 - mmengine - INFO - bbox_mAP_copypaste: 0.166 0.294 0.179 0.001 0.084 0.164
2023/06/22 05:35:58 - mmengine - INFO - Epoch(val) [4][65/65]    coco/bbox_mAP: 0.1660  coco/bbox_mAP_50: 0.2940  coco/bbox_mAP_75: 0.1790  coco/bbox_mAP_s: 0.0010  coco/bbox_mAP_m: 0.0840  coco/bbox_mAP_l: 0.1640  data_time: 0.0154  time: 0.0550
2023/06/22 05:35:58 - mmengine - INFO - The previous best checkpoint /home/computervision_zl/Documents/ssd/work_dirs/ssd_4/best_coco_bbox_mAP_epoch_3.pth is removed
2023/06/22 05:35:59 - mmengine - INFO - The best checkpoint with 0.1660 coco/bbox_mAP at 4 epoch is saved to best_coco_bbox_mAP_epoch_4.pth.
2023/06/22 05:36:01 - mmengine - INFO - Epoch(train)   [5][ 10/512]  lr: 1.0000e-02  eta: 1:46:26  time: 0.0998  data_time: 0.0223  memory: 1492  loss: 4.7617  loss_cls: 3.4743  loss_bbox: 1.2874
2023/06/22 05:36:02 - mmengine - INFO - Epoch(train)   [5][ 20/512]  lr: 1.0000e-02  eta: 1:46:25  time: 0.1003  data_time: 0.0227  memory: 1492  loss: 4.9526  loss_cls: 3.5836  loss_bbox: 1.3689
2023/06/22 05:36:02 - mmengine - INFO - Epoch(train)   [5][ 30/512]  lr: 1.0000e-02  eta: 1:46:22  time: 0.1001  data_time: 0.0226  memory: 1492  loss: 4.9984  loss_cls: 3.6175  loss_bbox: 1.3809
2023/06/22 05:36:03 - mmengine - INFO - Epoch(train)   [5][ 40/512]  lr: 1.0000e-02  eta: 1:46:21  time: 0.1001  data_time: 0.0224  memory: 1492  loss: 4.8893  loss_cls: 3.5661  loss_bbox: 1.3232
2023/06/22 05:36:04 - mmengine - INFO - Epoch(train)   [5][ 50/512]  lr: 1.0000e-02  eta: 1:46:19  time: 0.1002  data_time: 0.0227  memory: 1492  loss: 4.9117  loss_cls: 3.5661  loss_bbox: 1.3456
2023/06/22 05:36:05 - mmengine - INFO - Epoch(train)   [5][ 60/512]  lr: 1.0000e-02  eta: 1:46:19  time: 0.0838  data_time: 0.0076  memory: 1492  loss: 4.8101  loss_cls: 3.5092  loss_bbox: 1.3009
2023/06/22 05:36:06 - mmengine - INFO - Epoch(train)   [5][ 70/512]  lr: 1.0000e-02  eta: 1:46:17  time: 0.0835  data_time: 0.0073  memory: 1492  loss: 4.6691  loss_cls: 3.4336  loss_bbox: 1.2355
2023/06/22 05:36:07 - mmengine - INFO - Epoch(train)   [5][ 80/512]  lr: 1.0000e-02  eta: 1:46:16  time: 0.0841  data_time: 0.0077  memory: 1492  loss: 4.7072  loss_cls: 3.4518  loss_bbox: 1.2554
2023/06/22 05:36:08 - mmengine - INFO - Epoch(train)   [5][ 90/512]  lr: 1.0000e-02  eta: 1:46:14  time: 0.0838  data_time: 0.0077  memory: 1492  loss: 4.8903  loss_cls: 3.5638  loss_bbox: 1.3265
2023/06/22 05:36:08 - mmengine - INFO - Epoch(train)   [5][100/512]  lr: 1.0000e-02  eta: 1:46:13  time: 0.0840  data_time: 0.0075  memory: 1492  loss: 4.7870  loss_cls: 3.5027  loss_bbox: 1.2844
2023/06/22 05:36:09 - mmengine - INFO - Epoch(train)   [5][110/512]  lr: 1.0000e-02  eta: 1:46:12  time: 0.0838  data_time: 0.0072  memory: 1492  loss: 4.9536  loss_cls: 3.5999  loss_bbox: 1.3537
2023/06/22 05:36:10 - mmengine - INFO - Epoch(train)   [5][120/512]  lr: 1.0000e-02  eta: 1:46:10  time: 0.0841  data_time: 0.0074  memory: 1492  loss: 5.1386  loss_cls: 3.6861  loss_bbox: 1.4525
2023/06/22 05:36:11 - mmengine - INFO - Epoch(train)   [5][130/512]  lr: 1.0000e-02  eta: 1:46:09  time: 0.0837  data_time: 0.0071  memory: 1492  loss: 5.2015  loss_cls: 3.7469  loss_bbox: 1.4546
2023/06/22 05:36:12 - mmengine - INFO - Epoch(train)   [5][140/512]  lr: 1.0000e-02  eta: 1:46:07  time: 0.0839  data_time: 0.0069  memory: 1492  loss: 5.0417  loss_cls: 3.6453  loss_bbox: 1.3964
2023/06/22 05:36:13 - mmengine - INFO - Epoch(train)   [5][150/512]  lr: 1.0000e-02  eta: 1:46:06  time: 0.0839  data_time: 0.0071  memory: 1492  loss: 5.0827  loss_cls: 3.6692  loss_bbox: 1.4135
2023/06/22 05:36:13 - mmengine - INFO - Epoch(train)   [5][160/512]  lr: 1.0000e-02  eta: 1:46:04  time: 0.0835  data_time: 0.0069  memory: 1492  loss: 4.9860  loss_cls: 3.6183  loss_bbox: 1.3677
2023/06/22 05:36:14 - mmengine - INFO - Epoch(train)   [5][170/512]  lr: 1.0000e-02  eta: 1:46:03  time: 0.0833  data_time: 0.0067  memory: 1492  loss: 4.8161  loss_cls: 3.5419  loss_bbox: 1.2742
2023/06/22 05:36:15 - mmengine - INFO - Epoch(train)   [5][180/512]  lr: 1.0000e-02  eta: 1:46:02  time: 0.0837  data_time: 0.0069  memory: 1492  loss: 4.7020  loss_cls: 3.4377  loss_bbox: 1.2643
2023/06/22 05:36:16 - mmengine - INFO - Epoch(train)   [5][190/512]  lr: 1.0000e-02  eta: 1:46:00  time: 0.0834  data_time: 0.0068  memory: 1492  loss: 4.8585  loss_cls: 3.5285  loss_bbox: 1.3300
2023/06/22 05:36:17 - mmengine - INFO - Epoch(train)   [5][200/512]  lr: 1.0000e-02  eta: 1:45:58  time: 0.0834  data_time: 0.0068  memory: 1492  loss: 5.0377  loss_cls: 3.6456  loss_bbox: 1.3921
2023/06/22 05:36:18 - mmengine - INFO - Epoch(train)   [5][210/512]  lr: 1.0000e-02  eta: 1:45:57  time: 0.0836  data_time: 0.0068  memory: 1492  loss: 5.0692  loss_cls: 3.6743  loss_bbox: 1.3949
2023/06/22 05:36:18 - mmengine - INFO - Epoch(train)   [5][220/512]  lr: 1.0000e-02  eta: 1:45:56  time: 0.0841  data_time: 0.0071  memory: 1492  loss: 5.0874  loss_cls: 3.6835  loss_bbox: 1.4040
2023/06/22 05:36:19 - mmengine - INFO - Epoch(train)   [5][230/512]  lr: 1.0000e-02  eta: 1:45:55  time: 0.0840  data_time: 0.0069  memory: 1492  loss: 5.1396  loss_cls: 3.7454  loss_bbox: 1.3942
2023/06/22 05:36:20 - mmengine - INFO - Epoch(train)   [5][240/512]  lr: 1.0000e-02  eta: 1:45:53  time: 0.0841  data_time: 0.0069  memory: 1492  loss: 5.1268  loss_cls: 3.7327  loss_bbox: 1.3941
2023/06/22 05:36:21 - mmengine - INFO - Epoch(train)   [5][250/512]  lr: 1.0000e-02  eta: 1:45:52  time: 0.0837  data_time: 0.0068  memory: 1492  loss: 5.0785  loss_cls: 3.7225  loss_bbox: 1.3561
2023/06/22 05:36:22 - mmengine - INFO - Epoch(train)   [5][260/512]  lr: 1.0000e-02  eta: 1:45:50  time: 0.0833  data_time: 0.0068  memory: 1492  loss: 5.0908  loss_cls: 3.7479  loss_bbox: 1.3429
2023/06/22 05:36:23 - mmengine - INFO - Epoch(train)   [5][270/512]  lr: 1.0000e-02  eta: 1:45:48  time: 0.0829  data_time: 0.0067  memory: 1492  loss: 5.1380  loss_cls: 3.7678  loss_bbox: 1.3702
2023/06/22 05:36:23 - mmengine - INFO - Epoch(train)   [5][280/512]  lr: 1.0000e-02  eta: 1:45:47  time: 0.0827  data_time: 0.0068  memory: 1492  loss: 5.2008  loss_cls: 3.7938  loss_bbox: 1.4071
2023/06/22 05:36:24 - mmengine - INFO - Epoch(train)   [5][290/512]  lr: 1.0000e-02  eta: 1:45:46  time: 0.0830  data_time: 0.0068  memory: 1492  loss: 5.1893  loss_cls: 3.7924  loss_bbox: 1.3969
2023/06/22 05:36:25 - mmengine - INFO - Epoch(train)   [5][300/512]  lr: 1.0000e-02  eta: 1:45:45  time: 0.0836  data_time: 0.0071  memory: 1492  loss: 5.0206  loss_cls: 3.6569  loss_bbox: 1.3637
2023/06/22 05:36:26 - mmengine - INFO - Epoch(train)   [5][310/512]  lr: 1.0000e-02  eta: 1:45:43  time: 0.0838  data_time: 0.0071  memory: 1492  loss: 5.1235  loss_cls: 3.6902  loss_bbox: 1.4333
2023/06/22 05:36:27 - mmengine - INFO - Epoch(train)   [5][320/512]  lr: 1.0000e-02  eta: 1:45:42  time: 0.0843  data_time: 0.0073  memory: 1492  loss: 5.0684  loss_cls: 3.6656  loss_bbox: 1.4028
2023/06/22 05:36:28 - mmengine - INFO - Epoch(train)   [5][330/512]  lr: 1.0000e-02  eta: 1:45:41  time: 0.0842  data_time: 0.0072  memory: 1492  loss: 4.9686  loss_cls: 3.5992  loss_bbox: 1.3694
2023/06/22 05:36:28 - mmengine - INFO - Epoch(train)   [5][340/512]  lr: 1.0000e-02  eta: 1:45:41  time: 0.0848  data_time: 0.0076  memory: 1492  loss: 4.9605  loss_cls: 3.5707  loss_bbox: 1.3898
2023/06/22 05:36:29 - mmengine - INFO - Epoch(train)   [5][350/512]  lr: 1.0000e-02  eta: 1:45:40  time: 0.0852  data_time: 0.0073  memory: 1492  loss: 5.1713  loss_cls: 3.7099  loss_bbox: 1.4614
2023/06/22 05:36:30 - mmengine - INFO - Epoch(train)   [5][360/512]  lr: 1.0000e-02  eta: 1:45:39  time: 0.0854  data_time: 0.0073  memory: 1492  loss: 5.1621  loss_cls: 3.7006  loss_bbox: 1.4616
2023/06/22 05:36:31 - mmengine - INFO - Epoch(train)   [5][370/512]  lr: 1.0000e-02  eta: 1:45:38  time: 0.0849  data_time: 0.0069  memory: 1492  loss: 5.1914  loss_cls: 3.7360  loss_bbox: 1.4554
2023/06/22 05:36:32 - mmengine - INFO - Epoch(train)   [5][380/512]  lr: 1.0000e-02  eta: 1:45:36  time: 0.0850  data_time: 0.0073  memory: 1492  loss: 5.2629  loss_cls: 3.7855  loss_bbox: 1.4774
2023/06/22 05:36:33 - mmengine - INFO - Epoch(train)   [5][390/512]  lr: 1.0000e-02  eta: 1:45:35  time: 0.0840  data_time: 0.0069  memory: 1492  loss: 5.3119  loss_cls: 3.8305  loss_bbox: 1.4814
2023/06/22 05:36:33 - mmengine - INFO - Epoch(train)   [5][400/512]  lr: 1.0000e-02  eta: 1:45:32  time: 0.0824  data_time: 0.0069  memory: 1492  loss: 5.1162  loss_cls: 3.7172  loss_bbox: 1.3990
2023/06/22 05:36:34 - mmengine - INFO - Epoch(train)   [5][410/512]  lr: 1.0000e-02  eta: 1:45:30  time: 0.0816  data_time: 0.0068  memory: 1492  loss: 4.9557  loss_cls: 3.6217  loss_bbox: 1.3339
2023/06/22 05:36:35 - mmengine - INFO - Epoch(train)   [5][420/512]  lr: 1.0000e-02  eta: 1:45:27  time: 0.0810  data_time: 0.0070  memory: 1492  loss: 4.8799  loss_cls: 3.5825  loss_bbox: 1.2974
2023/06/22 05:36:36 - mmengine - INFO - Epoch(train)   [5][430/512]  lr: 1.0000e-02  eta: 1:45:25  time: 0.0803  data_time: 0.0065  memory: 1492  loss: 4.8422  loss_cls: 3.5719  loss_bbox: 1.2703
2023/06/22 05:36:37 - mmengine - INFO - Epoch(train)   [5][440/512]  lr: 1.0000e-02  eta: 1:45:23  time: 0.0806  data_time: 0.0066  memory: 1492  loss: 4.8154  loss_cls: 3.5755  loss_bbox: 1.2399
2023/06/22 05:36:38 - mmengine - INFO - Epoch(train)   [5][450/512]  lr: 1.0000e-02  eta: 1:45:22  time: 0.0813  data_time: 0.0068  memory: 1492  loss: 4.7791  loss_cls: 3.5812  loss_bbox: 1.1979
2023/06/22 05:36:38 - mmengine - INFO - Epoch(train)   [5][460/512]  lr: 1.0000e-02  eta: 1:45:20  time: 0.0817  data_time: 0.0066  memory: 1492  loss: 4.7859  loss_cls: 3.6059  loss_bbox: 1.1801
2023/06/22 05:36:39 - mmengine - INFO - Epoch(train)   [5][470/512]  lr: 1.0000e-02  eta: 1:45:18  time: 0.0822  data_time: 0.0069  memory: 1492  loss: 4.8415  loss_cls: 3.6148  loss_bbox: 1.2267
2023/06/22 05:36:40 - mmengine - INFO - Epoch(train)   [5][480/512]  lr: 1.0000e-02  eta: 1:45:16  time: 0.0822  data_time: 0.0068  memory: 1492  loss: 4.8089  loss_cls: 3.5845  loss_bbox: 1.2245
2023/06/22 05:36:41 - mmengine - INFO - Epoch(train)   [5][490/512]  lr: 1.0000e-02  eta: 1:45:14  time: 0.0816  data_time: 0.0067  memory: 1492  loss: 4.7809  loss_cls: 3.5358  loss_bbox: 1.2450
2023/06/22 05:36:42 - mmengine - INFO - Epoch(train)   [5][500/512]  lr: 1.0000e-02  eta: 1:45:13  time: 0.0817  data_time: 0.0068  memory: 1492  loss: 5.0032  loss_cls: 3.6259  loss_bbox: 1.3773
2023/06/22 05:36:42 - mmengine - INFO - Epoch(train)   [5][510/512]  lr: 1.0000e-02  eta: 1:45:11  time: 0.0815  data_time: 0.0068  memory: 1492  loss: 5.1063  loss_cls: 3.6767  loss_bbox: 1.4296
2023/06/22 05:36:43 - mmengine - INFO - Exp name: ssd_4_20230622_053212
2023/06/22 05:36:44 - mmengine - INFO - Epoch(val)   [5][10/65]    eta: 0:00:06  time: 0.0588  data_time: 0.0184  memory: 1492  
2023/06/22 05:36:44 - mmengine - INFO - Epoch(val)   [5][20/65]    eta: 0:00:03  time: 0.0583  data_time: 0.0178  memory: 834  
2023/06/22 05:36:45 - mmengine - INFO - Epoch(val)   [5][30/65]    eta: 0:00:02  time: 0.0583  data_time: 0.0177  memory: 834  
2023/06/22 05:36:45 - mmengine - INFO - Epoch(val)   [5][40/65]    eta: 0:00:01  time: 0.0584  data_time: 0.0176  memory: 834  
2023/06/22 05:36:46 - mmengine - INFO - Epoch(val)   [5][50/65]    eta: 0:00:00  time: 0.0595  data_time: 0.0177  memory: 834  
2023/06/22 05:36:46 - mmengine - INFO - Epoch(val)   [5][60/65]    eta: 0:00:00  time: 0.0468  data_time: 0.0053  memory: 834  
2023/06/22 05:36:48 - mmengine - INFO - Evaluating bbox...
2023/06/22 05:36:53 - mmengine - INFO - bbox_mAP_copypaste: 0.157 0.273 0.170 0.000 0.083 0.150
2023/06/22 05:36:53 - mmengine - INFO - Epoch(val) [5][65/65]    coco/bbox_mAP: 0.1570  coco/bbox_mAP_50: 0.2730  coco/bbox_mAP_75: 0.1700  coco/bbox_mAP_s: 0.0000  coco/bbox_mAP_m: 0.0830  coco/bbox_mAP_l: 0.1500  data_time: 0.0146  time: 0.0554
2023/06/22 05:36:54 - mmengine - INFO - Epoch(train)   [6][ 10/512]  lr: 1.0000e-02  eta: 1:45:31  time: 0.0973  data_time: 0.0215  memory: 1492  loss: 5.1236  loss_cls: 3.6934  loss_bbox: 1.4302
2023/06/22 05:36:55 - mmengine - INFO - Epoch(train)   [6][ 20/512]  lr: 1.0000e-02  eta: 1:45:29  time: 0.0968  data_time: 0.0212  memory: 1492  loss: 5.0153  loss_cls: 3.5861  loss_bbox: 1.4292
2023/06/22 05:36:56 - mmengine - INFO - Epoch(train)   [6][ 30/512]  lr: 1.0000e-02  eta: 1:45:26  time: 0.0964  data_time: 0.0211  memory: 1492  loss: 5.0058  loss_cls: 3.5798  loss_bbox: 1.4260
2023/06/22 05:36:57 - mmengine - INFO - Epoch(train)   [6][ 40/512]  lr: 1.0000e-02  eta: 1:45:23  time: 0.0958  data_time: 0.0214  memory: 1492  loss: 4.7996  loss_cls: 3.4518  loss_bbox: 1.3479
2023/06/22 05:36:58 - mmengine - INFO - Epoch(train)   [6][ 50/512]  lr: 1.0000e-02  eta: 1:45:21  time: 0.0955  data_time: 0.0213  memory: 1492  loss: 4.7858  loss_cls: 3.4577  loss_bbox: 1.3281
2023/06/22 05:36:58 - mmengine - INFO - Epoch(train)   [6][ 60/512]  lr: 1.0000e-02  eta: 1:45:19  time: 0.0793  data_time: 0.0065  memory: 1492  loss: 4.6849  loss_cls: 3.4088  loss_bbox: 1.2761
2023/06/22 05:36:59 - mmengine - INFO - Epoch(train)   [6][ 70/512]  lr: 1.0000e-02  eta: 1:45:16  time: 0.0797  data_time: 0.0069  memory: 1492  loss: 4.7836  loss_cls: 3.5170  loss_bbox: 1.2666
2023/06/22 05:37:00 - mmengine - INFO - Epoch(train)   [6][ 80/512]  lr: 1.0000e-02  eta: 1:45:14  time: 0.0798  data_time: 0.0070  memory: 1492  loss: 4.7576  loss_cls: 3.5391  loss_bbox: 1.2185
2023/06/22 05:37:01 - mmengine - INFO - Epoch(train)   [6][ 90/512]  lr: 1.0000e-02  eta: 1:45:12  time: 0.0806  data_time: 0.0075  memory: 1492  loss: 4.8803  loss_cls: 3.5819  loss_bbox: 1.2984
2023/06/22 05:37:02 - mmengine - INFO - Epoch(train)   [6][100/512]  lr: 1.0000e-02  eta: 1:45:10  time: 0.0802  data_time: 0.0073  memory: 1492  loss: 4.8935  loss_cls: 3.5825  loss_bbox: 1.3110
2023/06/22 05:37:02 - mmengine - INFO - Epoch(train)   [6][110/512]  lr: 1.0000e-02  eta: 1:45:07  time: 0.0803  data_time: 0.0074  memory: 1492  loss: 4.8856  loss_cls: 3.5645  loss_bbox: 1.3211
2023/06/22 05:37:03 - mmengine - INFO - Epoch(train)   [6][120/512]  lr: 1.0000e-02  eta: 1:45:05  time: 0.0800  data_time: 0.0071  memory: 1492  loss: 4.7747  loss_cls: 3.4890  loss_bbox: 1.2857
2023/06/22 05:37:04 - mmengine - INFO - Epoch(train)   [6][130/512]  lr: 1.0000e-02  eta: 1:45:03  time: 0.0802  data_time: 0.0071  memory: 1492  loss: 4.7445  loss_cls: 3.4699  loss_bbox: 1.2746
2023/06/22 05:37:05 - mmengine - INFO - Epoch(train)   [6][140/512]  lr: 1.0000e-02  eta: 1:45:01  time: 0.0798  data_time: 0.0067  memory: 1492  loss: 4.7191  loss_cls: 3.4825  loss_bbox: 1.2367
2023/06/22 05:37:06 - mmengine - INFO - Epoch(train)   [6][150/512]  lr: 1.0000e-02  eta: 1:44:58  time: 0.0800  data_time: 0.0068  memory: 1492  loss: 4.7329  loss_cls: 3.4687  loss_bbox: 1.2642
2023/06/22 05:37:06 - mmengine - INFO - Epoch(train)   [6][160/512]  lr: 1.0000e-02  eta: 1:44:56  time: 0.0798  data_time: 0.0066  memory: 1492  loss: 4.9385  loss_cls: 3.6054  loss_bbox: 1.3331
2023/06/22 05:37:07 - mmengine - INFO - Epoch(train)   [6][170/512]  lr: 1.0000e-02  eta: 1:44:54  time: 0.0799  data_time: 0.0067  memory: 1492  loss: 5.0042  loss_cls: 3.6492  loss_bbox: 1.3550
2023/06/22 05:37:08 - mmengine - INFO - Epoch(train)   [6][180/512]  lr: 1.0000e-02  eta: 1:44:51  time: 0.0799  data_time: 0.0067  memory: 1492  loss: 5.1190  loss_cls: 3.6909  loss_bbox: 1.4281
2023/06/22 05:37:09 - mmengine - INFO - Epoch(train)   [6][190/512]  lr: 1.0000e-02  eta: 1:44:49  time: 0.0796  data_time: 0.0065  memory: 1492  loss: 5.1301  loss_cls: 3.7285  loss_bbox: 1.4016
2023/06/22 05:37:10 - mmengine - INFO - Epoch(train)   [6][200/512]  lr: 1.0000e-02  eta: 1:44:47  time: 0.0796  data_time: 0.0066  memory: 1492  loss: 5.2243  loss_cls: 3.7975  loss_bbox: 1.4268
2023/06/22 05:37:10 - mmengine - INFO - Epoch(train)   [6][210/512]  lr: 1.0000e-02  eta: 1:44:45  time: 0.0800  data_time: 0.0070  memory: 1492  loss: 5.0337  loss_cls: 3.6829  loss_bbox: 1.3508
2023/06/22 05:37:11 - mmengine - INFO - Epoch(train)   [6][220/512]  lr: 1.0000e-02  eta: 1:44:43  time: 0.0798  data_time: 0.0066  memory: 1492  loss: 5.1661  loss_cls: 3.7586  loss_bbox: 1.4075
2023/06/22 05:37:12 - mmengine - INFO - Epoch(train)   [6][230/512]  lr: 1.0000e-02  eta: 1:44:40  time: 0.0799  data_time: 0.0067  memory: 1492  loss: 5.1480  loss_cls: 3.7413  loss_bbox: 1.4067
2023/06/22 05:37:13 - mmengine - INFO - Epoch(train)   [6][240/512]  lr: 1.0000e-02  eta: 1:44:39  time: 0.0800  data_time: 0.0068  memory: 1492  loss: 5.0813  loss_cls: 3.6688  loss_bbox: 1.4125
2023/06/22 05:37:14 - mmengine - INFO - Epoch(train)   [6][250/512]  lr: 1.0000e-02  eta: 1:44:37  time: 0.0804  data_time: 0.0067  memory: 1492  loss: 5.0176  loss_cls: 3.6462  loss_bbox: 1.3714
2023/06/22 05:37:14 - mmengine - INFO - Epoch(train)   [6][260/512]  lr: 1.0000e-02  eta: 1:44:35  time: 0.0801  data_time: 0.0065  memory: 1492  loss: 5.0494  loss_cls: 3.6556  loss_bbox: 1.3938
2023/06/22 05:37:15 - mmengine - INFO - Epoch(train)   [6][270/512]  lr: 1.0000e-02  eta: 1:44:32  time: 0.0804  data_time: 0.0067  memory: 1492  loss: 4.9022  loss_cls: 3.5568  loss_bbox: 1.3454
2023/06/22 05:37:16 - mmengine - INFO - Epoch(train)   [6][280/512]  lr: 1.0000e-02  eta: 1:44:30  time: 0.0804  data_time: 0.0067  memory: 1492  loss: 4.7922  loss_cls: 3.5024  loss_bbox: 1.2899
2023/06/22 05:37:17 - mmengine - INFO - Epoch(train)   [6][290/512]  lr: 1.0000e-02  eta: 1:44:29  time: 0.0807  data_time: 0.0066  memory: 1492  loss: 4.7162  loss_cls: 3.4501  loss_bbox: 1.2661
2023/06/22 05:37:18 - mmengine - INFO - Epoch(train)   [6][300/512]  lr: 1.0000e-02  eta: 1:44:27  time: 0.0806  data_time: 0.0067  memory: 1492  loss: 4.6460  loss_cls: 3.3862  loss_bbox: 1.2598
2023/06/22 05:37:18 - mmengine - INFO - Epoch(train)   [6][310/512]  lr: 1.0000e-02  eta: 1:44:25  time: 0.0808  data_time: 0.0068  memory: 1492  loss: 4.7343  loss_cls: 3.4431  loss_bbox: 1.2913
2023/06/22 05:37:19 - mmengine - INFO - Epoch(train)   [6][320/512]  lr: 1.0000e-02  eta: 1:44:24  time: 0.0812  data_time: 0.0071  memory: 1492  loss: 4.7893  loss_cls: 3.4701  loss_bbox: 1.3192
2023/06/22 05:37:20 - mmengine - INFO - Epoch(train)   [6][330/512]  lr: 1.0000e-02  eta: 1:44:22  time: 0.0812  data_time: 0.0070  memory: 1492  loss: 4.8521  loss_cls: 3.4900  loss_bbox: 1.3621
2023/06/22 05:37:21 - mmengine - INFO - Epoch(train)   [6][340/512]  lr: 1.0000e-02  eta: 1:44:20  time: 0.0811  data_time: 0.0072  memory: 1492  loss: 5.0301  loss_cls: 3.6298  loss_bbox: 1.4003
2023/06/22 05:37:22 - mmengine - INFO - Epoch(train)   [6][350/512]  lr: 1.0000e-02  eta: 1:44:18  time: 0.0811  data_time: 0.0070  memory: 1492  loss: 5.0880  loss_cls: 3.6616  loss_bbox: 1.4264
2023/06/22 05:37:22 - mmengine - INFO - Epoch(train)   [6][360/512]  lr: 1.0000e-02  eta: 1:44:16  time: 0.0811  data_time: 0.0070  memory: 1492  loss: 5.0657  loss_cls: 3.6806  loss_bbox: 1.3852
2023/06/22 05:37:23 - mmengine - INFO - Epoch(train)   [6][370/512]  lr: 1.0000e-02  eta: 1:44:14  time: 0.0807  data_time: 0.0069  memory: 1492  loss: 5.1195  loss_cls: 3.7295  loss_bbox: 1.3900
2023/06/22 05:37:24 - mmengine - INFO - Epoch(train)   [6][380/512]  lr: 1.0000e-02  eta: 1:44:12  time: 0.0806  data_time: 0.0069  memory: 1492  loss: 5.0544  loss_cls: 3.7135  loss_bbox: 1.3408
2023/06/22 05:37:25 - mmengine - INFO - Epoch(train)   [6][390/512]  lr: 1.0000e-02  eta: 1:44:11  time: 0.0806  data_time: 0.0067  memory: 1492  loss: 5.0762  loss_cls: 3.6972  loss_bbox: 1.3789
2023/06/22 05:37:26 - mmengine - INFO - Epoch(train)   [6][400/512]  lr: 1.0000e-02  eta: 1:44:09  time: 0.0809  data_time: 0.0070  memory: 1492  loss: 5.0675  loss_cls: 3.6842  loss_bbox: 1.3833
2023/06/22 05:37:26 - mmengine - INFO - Epoch(train)   [6][410/512]  lr: 1.0000e-02  eta: 1:44:07  time: 0.0808  data_time: 0.0068  memory: 1492  loss: 5.1459  loss_cls: 3.6954  loss_bbox: 1.4506
2023/06/22 05:37:27 - mmengine - INFO - Epoch(train)   [6][420/512]  lr: 1.0000e-02  eta: 1:44:05  time: 0.0810  data_time: 0.0067  memory: 1492  loss: 5.0810  loss_cls: 3.6190  loss_bbox: 1.4620
2023/06/22 05:37:28 - mmengine - INFO - Epoch(train)   [6][430/512]  lr: 1.0000e-02  eta: 1:44:03  time: 0.0810  data_time: 0.0069  memory: 1492  loss: 5.1925  loss_cls: 3.6880  loss_bbox: 1.5046
2023/06/22 05:37:29 - mmengine - INFO - Exp name: ssd_4_20230622_053212
2023/06/22 05:37:29 - mmengine - INFO - Epoch(train)   [6][440/512]  lr: 1.0000e-02  eta: 1:44:02  time: 0.0807  data_time: 0.0070  memory: 1492  loss: nan  loss_cls: nan  loss_bbox: nan
2023/06/22 05:37:29 - mmengine - INFO - loss become infinite or NaN!
